[0.938s] Invoking command in '/uolstore/home/users/sc23s2e/ros2_ws/src/lab2': PS1=[COMP3631] Singularity> \w $ PYTHONPATH=/uolstore/home/users/sc23s2e/ros2_ws/build/lab2/prefix_override:/uolstore/home/users/sc23s2e/ros2_ws/install/lab2/lib/python3.10/site-packages:${PYTHONPATH} /usr/bin/python3 setup.py egg_info --egg-base ../../build/lab2 build --build-base /uolstore/home/users/sc23s2e/ros2_ws/build/lab2/build install --record /uolstore/home/users/sc23s2e/ros2_ws/build/lab2/install.log --single-version-externally-managed
[1.140s] running egg_info
[1.141s] writing ../../build/lab2/lab2.egg-info/PKG-INFO
[1.145s] writing dependency_links to ../../build/lab2/lab2.egg-info/dependency_links.txt
[1.148s] writing entry points to ../../build/lab2/lab2.egg-info/entry_points.txt
[1.152s] writing requirements to ../../build/lab2/lab2.egg-info/requires.txt
[1.154s] writing top-level names to ../../build/lab2/lab2.egg-info/top_level.txt
[1.165s] reading manifest file '../../build/lab2/lab2.egg-info/SOURCES.txt'
[1.169s] writing manifest file '../../build/lab2/lab2.egg-info/SOURCES.txt'
[1.171s] running build
[1.172s] running build_py
[1.175s] copying lab2/numeric_talker.py -> /uolstore/home/users/sc23s2e/ros2_ws/build/lab2/build/lib/lab2
[1.180s] running install
[1.180s] running install_lib
[1.183s] copying /uolstore/home/users/sc23s2e/ros2_ws/build/lab2/build/lib/lab2/numeric_talker.py -> /uolstore/home/users/sc23s2e/ros2_ws/install/lab2/lib/python3.10/site-packages/lab2
[1.193s] byte-compiling /uolstore/home/users/sc23s2e/ros2_ws/install/lab2/lib/python3.10/site-packages/lab2/numeric_talker.py to numeric_talker.cpython-310.pyc
[1.200s] running install_data
[1.203s] running install_egg_info
[1.205s] removing '/uolstore/home/users/sc23s2e/ros2_ws/install/lab2/lib/python3.10/site-packages/lab2-0.0.0-py3.10.egg-info' (and everything under it)
[1.216s] Copying ../../build/lab2/lab2.egg-info to /uolstore/home/users/sc23s2e/ros2_ws/install/lab2/lib/python3.10/site-packages/lab2-0.0.0-py3.10.egg-info
[1.263s] running install_scripts
[1.278s] Installing listener script to /uolstore/home/users/sc23s2e/ros2_ws/install/lab2/lib/lab2
[1.281s] Installing numeric_listener script to /uolstore/home/users/sc23s2e/ros2_ws/install/lab2/lib/lab2
[1.284s] Installing numeric_talker script to /uolstore/home/users/sc23s2e/ros2_ws/install/lab2/lib/lab2
[1.287s] Installing talker script to /uolstore/home/users/sc23s2e/ros2_ws/install/lab2/lib/lab2
[1.290s] writing list of installed files to '/uolstore/home/users/sc23s2e/ros2_ws/build/lab2/install.log'
[1.368s] Invoked command in '/uolstore/home/users/sc23s2e/ros2_ws/src/lab2' returned '0': PS1=[COMP3631] Singularity> \w $ PYTHONPATH=/uolstore/home/users/sc23s2e/ros2_ws/build/lab2/prefix_override:/uolstore/home/users/sc23s2e/ros2_ws/install/lab2/lib/python3.10/site-packages:${PYTHONPATH} /usr/bin/python3 setup.py egg_info --egg-base ../../build/lab2 build --build-base /uolstore/home/users/sc23s2e/ros2_ws/build/lab2/build install --record /uolstore/home/users/sc23s2e/ros2_ws/build/lab2/install.log --single-version-externally-managed
