[0.937s] Invoking command in '/uolstore/home/users/sc23s2e/ros2_ws/src/lab2': PS1=[COMP3631] Singularity> \w $ PYTHONPATH=/uolstore/home/users/sc23s2e/ros2_ws/build/lab2/prefix_override:/uolstore/home/users/sc23s2e/ros2_ws/install/lab2/lib/python3.10/site-packages:${PYTHONPATH} /usr/bin/python3 setup.py egg_info --egg-base ../../build/lab2 build --build-base /uolstore/home/users/sc23s2e/ros2_ws/build/lab2/build install --record /uolstore/home/users/sc23s2e/ros2_ws/build/lab2/install.log --single-version-externally-managed
[1.141s] running egg_info
[1.142s] writing ../../build/lab2/lab2.egg-info/PKG-INFO
[1.145s] writing dependency_links to ../../build/lab2/lab2.egg-info/dependency_links.txt
[1.149s] writing entry points to ../../build/lab2/lab2.egg-info/entry_points.txt
[1.152s] writing requirements to ../../build/lab2/lab2.egg-info/requires.txt
[1.154s] writing top-level names to ../../build/lab2/lab2.egg-info/top_level.txt
[1.163s] reading manifest file '../../build/lab2/lab2.egg-info/SOURCES.txt'
[1.167s] writing manifest file '../../build/lab2/lab2.egg-info/SOURCES.txt'
[1.170s] running build
[1.170s] running build_py
[1.172s] copying lab2/numeric_talker.py -> /uolstore/home/users/sc23s2e/ros2_ws/build/lab2/build/lib/lab2
[1.178s] running install
[1.178s] running install_lib
[1.180s] copying /uolstore/home/users/sc23s2e/ros2_ws/build/lab2/build/lib/lab2/numeric_talker.py -> /uolstore/home/users/sc23s2e/ros2_ws/install/lab2/lib/python3.10/site-packages/lab2
[1.191s] byte-compiling /uolstore/home/users/sc23s2e/ros2_ws/install/lab2/lib/python3.10/site-packages/lab2/numeric_talker.py to numeric_talker.cpython-310.pyc
[1.198s] running install_data
[1.199s] running install_egg_info
[1.200s] removing '/uolstore/home/users/sc23s2e/ros2_ws/install/lab2/lib/python3.10/site-packages/lab2-0.0.0-py3.10.egg-info' (and everything under it)
[1.210s] Copying ../../build/lab2/lab2.egg-info to /uolstore/home/users/sc23s2e/ros2_ws/install/lab2/lib/python3.10/site-packages/lab2-0.0.0-py3.10.egg-info
[1.254s] running install_scripts
[1.268s] Installing listener script to /uolstore/home/users/sc23s2e/ros2_ws/install/lab2/lib/lab2
[1.271s] Installing numeric_listener script to /uolstore/home/users/sc23s2e/ros2_ws/install/lab2/lib/lab2
[1.274s] Installing numeric_talker script to /uolstore/home/users/sc23s2e/ros2_ws/install/lab2/lib/lab2
[1.277s] Installing talker script to /uolstore/home/users/sc23s2e/ros2_ws/install/lab2/lib/lab2
[1.280s] writing list of installed files to '/uolstore/home/users/sc23s2e/ros2_ws/build/lab2/install.log'
[1.341s] Invoked command in '/uolstore/home/users/sc23s2e/ros2_ws/src/lab2' returned '0': PS1=[COMP3631] Singularity> \w $ PYTHONPATH=/uolstore/home/users/sc23s2e/ros2_ws/build/lab2/prefix_override:/uolstore/home/users/sc23s2e/ros2_ws/install/lab2/lib/python3.10/site-packages:${PYTHONPATH} /usr/bin/python3 setup.py egg_info --egg-base ../../build/lab2 build --build-base /uolstore/home/users/sc23s2e/ros2_ws/build/lab2/build install --record /uolstore/home/users/sc23s2e/ros2_ws/build/lab2/install.log --single-version-externally-managed
