[2.529s] DEBUG:colcon:Command line arguments: ['/usr/bin/colcon', 'build']
[2.529s] DEBUG:colcon:Parsed command line arguments: Namespace(log_base=None, log_level=None, verb_name='build', build_base='build', install_base='install', merge_install=False, symlink_install=False, test_result_base=None, continue_on_error=False, executor='parallel', parallel_workers=20, event_handlers=None, ignore_user_meta=False, metas=['./colcon.meta'], base_paths=['.'], packages_ignore=None, packages_ignore_regex=None, paths=None, packages_up_to=None, packages_up_to_regex=None, packages_above=None, packages_above_and_dependencies=None, packages_above_depth=None, packages_select_by_dep=None, packages_skip_by_dep=None, packages_skip_up_to=None, packages_select_build_failed=False, packages_skip_build_finished=False, packages_select_test_failures=False, packages_skip_test_passed=False, packages_select=None, packages_skip=None, packages_select_regex=None, packages_skip_regex=None, packages_start=None, packages_end=None, allow_overriding=[], cmake_args=None, cmake_target=None, cmake_target_skip_unavailable=False, cmake_clean_cache=False, cmake_clean_first=False, cmake_force_configure=False, ament_cmake_args=None, catkin_cmake_args=None, catkin_skip_building_tests=False, verb_parser=<colcon_defaults.argument_parser.defaults.DefaultArgumentsDecorator object at 0x7fcff889db10>, verb_extension=<colcon_core.verb.build.BuildVerb object at 0x7fcff8d0c940>, main=<bound method BuildVerb.main of <colcon_core.verb.build.BuildVerb object at 0x7fcff8d0c940>>)
[2.724s] Level 1:colcon.colcon_core.package_discovery:discover_packages(colcon_meta) check parameters
[2.724s] Level 1:colcon.colcon_core.package_discovery:discover_packages(recursive) check parameters
[2.724s] Level 1:colcon.colcon_core.package_discovery:discover_packages(ignore) check parameters
[2.724s] Level 1:colcon.colcon_core.package_discovery:discover_packages(path) check parameters
[2.724s] Level 1:colcon.colcon_core.package_discovery:discover_packages(colcon_meta) discover
[2.724s] Level 1:colcon.colcon_core.package_discovery:discover_packages(recursive) discover
[2.724s] INFO:colcon.colcon_core.package_discovery:Crawling recursively for packages in '/uolstore/home/users/sc23s2e/ros2_ws'
[2.725s] Level 1:colcon.colcon_core.package_identification:_identify(.) by extensions ['ignore', 'ignore_ament_install']
[2.725s] Level 1:colcon.colcon_core.package_identification:_identify(.) by extension 'ignore'
[2.725s] Level 1:colcon.colcon_core.package_identification:_identify(.) by extension 'ignore_ament_install'
[2.726s] Level 1:colcon.colcon_core.package_identification:_identify(.) by extensions ['colcon_pkg']
[2.726s] Level 1:colcon.colcon_core.package_identification:_identify(.) by extension 'colcon_pkg'
[2.726s] Level 1:colcon.colcon_core.package_identification:_identify(.) by extensions ['colcon_meta']
[2.726s] Level 1:colcon.colcon_core.package_identification:_identify(.) by extension 'colcon_meta'
[2.726s] Level 1:colcon.colcon_core.package_identification:_identify(.) by extensions ['ros']
[2.726s] Level 1:colcon.colcon_core.package_identification:_identify(.) by extension 'ros'
[2.753s] Level 1:colcon.colcon_core.package_identification:_identify(.) by extensions ['cmake', 'python']
[2.753s] Level 1:colcon.colcon_core.package_identification:_identify(.) by extension 'cmake'
[2.754s] Level 1:colcon.colcon_core.package_identification:_identify(.) by extension 'python'
[2.754s] Level 1:colcon.colcon_core.package_identification:_identify(.) by extensions ['python_setup_py']
[2.754s] Level 1:colcon.colcon_core.package_identification:_identify(.) by extension 'python_setup_py'
[2.755s] Level 1:colcon.colcon_core.package_identification:_identify(build) by extensions ['ignore', 'ignore_ament_install']
[2.755s] Level 1:colcon.colcon_core.package_identification:_identify(build) by extension 'ignore'
[2.755s] Level 1:colcon.colcon_core.package_identification:_identify(build) ignored
[2.756s] Level 1:colcon.colcon_core.package_identification:_identify(install) by extensions ['ignore', 'ignore_ament_install']
[2.756s] Level 1:colcon.colcon_core.package_identification:_identify(install) by extension 'ignore'
[2.756s] Level 1:colcon.colcon_core.package_identification:_identify(install) ignored
[2.757s] Level 1:colcon.colcon_core.package_identification:_identify(log) by extensions ['ignore', 'ignore_ament_install']
[2.757s] Level 1:colcon.colcon_core.package_identification:_identify(log) by extension 'ignore'
[2.757s] Level 1:colcon.colcon_core.package_identification:_identify(log) ignored
[2.759s] Level 1:colcon.colcon_core.package_identification:_identify(src) by extensions ['ignore', 'ignore_ament_install']
[2.759s] Level 1:colcon.colcon_core.package_identification:_identify(src) by extension 'ignore'
[2.760s] Level 1:colcon.colcon_core.package_identification:_identify(src) by extension 'ignore_ament_install'
[2.760s] Level 1:colcon.colcon_core.package_identification:_identify(src) by extensions ['colcon_pkg']
[2.760s] Level 1:colcon.colcon_core.package_identification:_identify(src) by extension 'colcon_pkg'
[2.761s] Level 1:colcon.colcon_core.package_identification:_identify(src) by extensions ['colcon_meta']
[2.761s] Level 1:colcon.colcon_core.package_identification:_identify(src) by extension 'colcon_meta'
[2.761s] Level 1:colcon.colcon_core.package_identification:_identify(src) by extensions ['ros']
[2.761s] Level 1:colcon.colcon_core.package_identification:_identify(src) by extension 'ros'
[2.762s] Level 1:colcon.colcon_core.package_identification:_identify(src) by extensions ['cmake', 'python']
[2.762s] Level 1:colcon.colcon_core.package_identification:_identify(src) by extension 'cmake'
[2.762s] Level 1:colcon.colcon_core.package_identification:_identify(src) by extension 'python'
[2.763s] Level 1:colcon.colcon_core.package_identification:_identify(src) by extensions ['python_setup_py']
[2.763s] Level 1:colcon.colcon_core.package_identification:_identify(src) by extension 'python_setup_py'
[2.765s] Level 1:colcon.colcon_core.package_identification:_identify(src/lab1) by extensions ['ignore', 'ignore_ament_install']
[2.765s] Level 1:colcon.colcon_core.package_identification:_identify(src/lab1) by extension 'ignore'
[2.766s] Level 1:colcon.colcon_core.package_identification:_identify(src/lab1) by extension 'ignore_ament_install'
[2.766s] Level 1:colcon.colcon_core.package_identification:_identify(src/lab1) by extensions ['colcon_pkg']
[2.766s] Level 1:colcon.colcon_core.package_identification:_identify(src/lab1) by extension 'colcon_pkg'
[2.767s] Level 1:colcon.colcon_core.package_identification:_identify(src/lab1) by extensions ['colcon_meta']
[2.767s] Level 1:colcon.colcon_core.package_identification:_identify(src/lab1) by extension 'colcon_meta'
[2.767s] Level 1:colcon.colcon_core.package_identification:_identify(src/lab1) by extensions ['ros']
[2.767s] Level 1:colcon.colcon_core.package_identification:_identify(src/lab1) by extension 'ros'
[2.771s] DEBUG:colcon.colcon_core.package_identification:Package 'src/lab1' with type 'ros.ament_python' and name 'lab1'
[2.773s] Level 1:colcon.colcon_core.package_identification:_identify(src/lab2) by extensions ['ignore', 'ignore_ament_install']
[2.773s] Level 1:colcon.colcon_core.package_identification:_identify(src/lab2) by extension 'ignore'
[2.774s] Level 1:colcon.colcon_core.package_identification:_identify(src/lab2) by extension 'ignore_ament_install'
[2.775s] Level 1:colcon.colcon_core.package_identification:_identify(src/lab2) by extensions ['colcon_pkg']
[2.775s] Level 1:colcon.colcon_core.package_identification:_identify(src/lab2) by extension 'colcon_pkg'
[2.775s] Level 1:colcon.colcon_core.package_identification:_identify(src/lab2) by extensions ['colcon_meta']
[2.775s] Level 1:colcon.colcon_core.package_identification:_identify(src/lab2) by extension 'colcon_meta'
[2.775s] Level 1:colcon.colcon_core.package_identification:_identify(src/lab2) by extensions ['ros']
[2.775s] Level 1:colcon.colcon_core.package_identification:_identify(src/lab2) by extension 'ros'
[2.778s] DEBUG:colcon.colcon_core.package_identification:Package 'src/lab2' with type 'ros.ament_python' and name 'lab2'
[2.778s] Level 1:colcon.colcon_core.package_discovery:discover_packages(recursive) using defaults
[2.778s] Level 1:colcon.colcon_core.package_discovery:discover_packages(ignore) discover
[2.778s] Level 1:colcon.colcon_core.package_discovery:discover_packages(ignore) using defaults
[2.778s] Level 1:colcon.colcon_core.package_discovery:discover_packages(path) discover
[2.778s] Level 1:colcon.colcon_core.package_discovery:discover_packages(path) using defaults
[2.955s] Level 1:colcon.colcon_core.package_discovery:discover_packages(prefix_path) check parameters
[2.955s] Level 1:colcon.colcon_core.package_discovery:discover_packages(prefix_path) discover
[2.990s] DEBUG:colcon.colcon_installed_package_information.package_discovery:Found 2 installed packages in /uolstore/home/users/sc23s2e/ros2_ws/install
[3.003s] DEBUG:colcon.colcon_installed_package_information.package_discovery:Found 383 installed packages in /opt/ros/humble
[3.008s] Level 1:colcon.colcon_core.package_discovery:discover_packages(prefix_path) using defaults
[3.084s] Level 5:colcon.colcon_core.verb:set package 'lab1' build argument 'cmake_args' from command line to 'None'
[3.084s] Level 5:colcon.colcon_core.verb:set package 'lab1' build argument 'cmake_target' from command line to 'None'
[3.084s] Level 5:colcon.colcon_core.verb:set package 'lab1' build argument 'cmake_target_skip_unavailable' from command line to 'False'
[3.084s] Level 5:colcon.colcon_core.verb:set package 'lab1' build argument 'cmake_clean_cache' from command line to 'False'
[3.084s] Level 5:colcon.colcon_core.verb:set package 'lab1' build argument 'cmake_clean_first' from command line to 'False'
[3.084s] Level 5:colcon.colcon_core.verb:set package 'lab1' build argument 'cmake_force_configure' from command line to 'False'
[3.084s] Level 5:colcon.colcon_core.verb:set package 'lab1' build argument 'ament_cmake_args' from command line to 'None'
[3.084s] Level 5:colcon.colcon_core.verb:set package 'lab1' build argument 'catkin_cmake_args' from command line to 'None'
[3.084s] Level 5:colcon.colcon_core.verb:set package 'lab1' build argument 'catkin_skip_building_tests' from command line to 'False'
[3.084s] DEBUG:colcon.colcon_core.verb:Building package 'lab1' with the following arguments: {'ament_cmake_args': None, 'build_base': '/uolstore/home/users/sc23s2e/ros2_ws/build/lab1', 'catkin_cmake_args': None, 'catkin_skip_building_tests': False, 'cmake_args': None, 'cmake_clean_cache': False, 'cmake_clean_first': False, 'cmake_force_configure': False, 'cmake_target': None, 'cmake_target_skip_unavailable': False, 'install_base': '/uolstore/home/users/sc23s2e/ros2_ws/install/lab1', 'merge_install': False, 'path': '/uolstore/home/users/sc23s2e/ros2_ws/src/lab1', 'symlink_install': False, 'test_result_base': None}
[3.095s] Level 5:colcon.colcon_core.verb:set package 'lab2' build argument 'cmake_args' from command line to 'None'
[3.095s] Level 5:colcon.colcon_core.verb:set package 'lab2' build argument 'cmake_target' from command line to 'None'
[3.095s] Level 5:colcon.colcon_core.verb:set package 'lab2' build argument 'cmake_target_skip_unavailable' from command line to 'False'
[3.095s] Level 5:colcon.colcon_core.verb:set package 'lab2' build argument 'cmake_clean_cache' from command line to 'False'
[3.095s] Level 5:colcon.colcon_core.verb:set package 'lab2' build argument 'cmake_clean_first' from command line to 'False'
[3.095s] Level 5:colcon.colcon_core.verb:set package 'lab2' build argument 'cmake_force_configure' from command line to 'False'
[3.095s] Level 5:colcon.colcon_core.verb:set package 'lab2' build argument 'ament_cmake_args' from command line to 'None'
[3.095s] Level 5:colcon.colcon_core.verb:set package 'lab2' build argument 'catkin_cmake_args' from command line to 'None'
[3.095s] Level 5:colcon.colcon_core.verb:set package 'lab2' build argument 'catkin_skip_building_tests' from command line to 'False'
[3.095s] DEBUG:colcon.colcon_core.verb:Building package 'lab2' with the following arguments: {'ament_cmake_args': None, 'build_base': '/uolstore/home/users/sc23s2e/ros2_ws/build/lab2', 'catkin_cmake_args': None, 'catkin_skip_building_tests': False, 'cmake_args': None, 'cmake_clean_cache': False, 'cmake_clean_first': False, 'cmake_force_configure': False, 'cmake_target': None, 'cmake_target_skip_unavailable': False, 'install_base': '/uolstore/home/users/sc23s2e/ros2_ws/install/lab2', 'merge_install': False, 'path': '/uolstore/home/users/sc23s2e/ros2_ws/src/lab2', 'symlink_install': False, 'test_result_base': None}
[3.106s] INFO:colcon.colcon_core.executor:Executing jobs using 'parallel' executor
[3.117s] DEBUG:colcon.colcon_parallel_executor.executor.parallel:run_until_complete
[3.117s] INFO:colcon.colcon_ros.task.ament_python.build:Building ROS package in '/uolstore/home/users/sc23s2e/ros2_ws/src/lab1' with build type 'ament_python'
[3.117s] Level 1:colcon.colcon_core.shell:create_environment_hook('lab1', 'ament_prefix_path')
[3.131s] INFO:colcon.colcon_core.plugin_system:Skipping extension 'colcon_core.shell.bat': Not used on non-Windows systems
[3.131s] INFO:colcon.colcon_core.shell:Creating environment hook '/uolstore/home/users/sc23s2e/ros2_ws/install/lab1/share/lab1/hook/ament_prefix_path.ps1'
[3.135s] INFO:colcon.colcon_core.shell:Creating environment descriptor '/uolstore/home/users/sc23s2e/ros2_ws/install/lab1/share/lab1/hook/ament_prefix_path.dsv'
[3.138s] INFO:colcon.colcon_core.shell:Creating environment hook '/uolstore/home/users/sc23s2e/ros2_ws/install/lab1/share/lab1/hook/ament_prefix_path.sh'
[3.151s] INFO:colcon.colcon_core.shell:Skip shell extension 'powershell' for command environment: Not usable outside of PowerShell
[3.151s] DEBUG:colcon.colcon_core.shell:Skip shell extension 'dsv' for command environment
[3.248s] INFO:colcon.colcon_ros.task.ament_python.build:Building ROS package in '/uolstore/home/users/sc23s2e/ros2_ws/src/lab2' with build type 'ament_python'
[3.248s] Level 1:colcon.colcon_core.shell:create_environment_hook('lab2', 'ament_prefix_path')
[3.263s] INFO:colcon.colcon_core.shell:Creating environment hook '/uolstore/home/users/sc23s2e/ros2_ws/install/lab2/share/lab2/hook/ament_prefix_path.ps1'
[3.266s] INFO:colcon.colcon_core.shell:Creating environment descriptor '/uolstore/home/users/sc23s2e/ros2_ws/install/lab2/share/lab2/hook/ament_prefix_path.dsv'
[3.269s] INFO:colcon.colcon_core.shell:Creating environment hook '/uolstore/home/users/sc23s2e/ros2_ws/install/lab2/share/lab2/hook/ament_prefix_path.sh'
[3.283s] INFO:colcon.colcon_core.shell:Skip shell extension 'powershell' for command environment: Not usable outside of PowerShell
[3.283s] DEBUG:colcon.colcon_core.shell:Skip shell extension 'dsv' for command environment
[3.558s] INFO:colcon.colcon_core.task.python.build:Building Python package in '/uolstore/home/users/sc23s2e/ros2_ws/src/lab1'
[3.571s] INFO:colcon.colcon_core.shell:Skip shell extension 'powershell' for command environment: Not usable outside of PowerShell
[3.571s] DEBUG:colcon.colcon_core.shell:Skip shell extension 'dsv' for command environment
[3.835s] INFO:colcon.colcon_core.task.python.build:Building Python package in '/uolstore/home/users/sc23s2e/ros2_ws/src/lab2'
[3.848s] INFO:colcon.colcon_core.shell:Skip shell extension 'powershell' for command environment: Not usable outside of PowerShell
[3.848s] DEBUG:colcon.colcon_core.shell:Skip shell extension 'dsv' for command environment
[4.533s] DEBUG:colcon.colcon_core.event_handler.log_command:Invoking command in '/uolstore/home/users/sc23s2e/ros2_ws/src/lab1': PS1=[COMP3631] Singularity> \w $ PYTHONPATH=/uolstore/home/users/sc23s2e/ros2_ws/build/lab1/prefix_override:/uolstore/home/users/sc23s2e/ros2_ws/install/lab1/lib/python3.10/site-packages:${PYTHONPATH} /usr/bin/python3 setup.py egg_info --egg-base ../../build/lab1 build --build-base /uolstore/home/users/sc23s2e/ros2_ws/build/lab1/build install --record /uolstore/home/users/sc23s2e/ros2_ws/build/lab1/install.log --single-version-externally-managed
[4.542s] DEBUG:colcon.colcon_core.event_handler.log_command:Invoking command in '/uolstore/home/users/sc23s2e/ros2_ws/src/lab2': PS1=[COMP3631] Singularity> \w $ PYTHONPATH=/uolstore/home/users/sc23s2e/ros2_ws/build/lab2/prefix_override:/uolstore/home/users/sc23s2e/ros2_ws/install/lab2/lib/python3.10/site-packages:${PYTHONPATH} /usr/bin/python3 setup.py egg_info --egg-base ../../build/lab2 build --build-base /uolstore/home/users/sc23s2e/ros2_ws/build/lab2/build install --record /uolstore/home/users/sc23s2e/ros2_ws/build/lab2/install.log --single-version-externally-managed
[4.848s] DEBUG:colcon.colcon_core.event_handler.log_command:Invoked command in '/uolstore/home/users/sc23s2e/ros2_ws/src/lab1' returned '0': PS1=[COMP3631] Singularity> \w $ PYTHONPATH=/uolstore/home/users/sc23s2e/ros2_ws/build/lab1/prefix_override:/uolstore/home/users/sc23s2e/ros2_ws/install/lab1/lib/python3.10/site-packages:${PYTHONPATH} /usr/bin/python3 setup.py egg_info --egg-base ../../build/lab1 build --build-base /uolstore/home/users/sc23s2e/ros2_ws/build/lab1/build install --record /uolstore/home/users/sc23s2e/ros2_ws/build/lab1/install.log --single-version-externally-managed
[4.866s] Level 1:colcon.colcon_core.environment:checking '/uolstore/home/users/sc23s2e/ros2_ws/install/lab1' for CMake module files
[4.872s] Level 1:colcon.colcon_core.environment:checking '/uolstore/home/users/sc23s2e/ros2_ws/install/lab1' for CMake config files
[4.886s] Level 1:colcon.colcon_core.environment:checking '/uolstore/home/users/sc23s2e/ros2_ws/install/lab1/lib'
[4.887s] Level 1:colcon.colcon_core.environment:checking '/uolstore/home/users/sc23s2e/ros2_ws/install/lab1/bin'
[4.887s] Level 1:colcon.colcon_core.environment:checking '/uolstore/home/users/sc23s2e/ros2_ws/install/lab1/lib/pkgconfig/lab1.pc'
[4.888s] Level 1:colcon.colcon_core.environment:checking '/uolstore/home/users/sc23s2e/ros2_ws/install/lab1/lib/python3.10/site-packages'
[4.888s] Level 1:colcon.colcon_core.shell:create_environment_hook('lab1', 'pythonpath')
[4.901s] INFO:colcon.colcon_core.shell:Creating environment hook '/uolstore/home/users/sc23s2e/ros2_ws/install/lab1/share/lab1/hook/pythonpath.ps1'
[4.922s] INFO:colcon.colcon_core.shell:Creating environment descriptor '/uolstore/home/users/sc23s2e/ros2_ws/install/lab1/share/lab1/hook/pythonpath.dsv'
[4.925s] INFO:colcon.colcon_core.shell:Creating environment hook '/uolstore/home/users/sc23s2e/ros2_ws/install/lab1/share/lab1/hook/pythonpath.sh'
[4.928s] Level 1:colcon.colcon_core.environment:checking '/uolstore/home/users/sc23s2e/ros2_ws/install/lab1/bin'
[4.928s] Level 1:colcon.colcon_core.environment:create_environment_scripts_only(lab1)
[4.940s] INFO:colcon.colcon_core.shell:Creating package script '/uolstore/home/users/sc23s2e/ros2_ws/install/lab1/share/lab1/package.ps1'
[4.944s] INFO:colcon.colcon_core.shell:Creating package descriptor '/uolstore/home/users/sc23s2e/ros2_ws/install/lab1/share/lab1/package.dsv'
[4.947s] INFO:colcon.colcon_core.shell:Creating package script '/uolstore/home/users/sc23s2e/ros2_ws/install/lab1/share/lab1/package.sh'
[4.950s] INFO:colcon.colcon_core.shell:Creating package script '/uolstore/home/users/sc23s2e/ros2_ws/install/lab1/share/lab1/package.bash'
[4.953s] INFO:colcon.colcon_core.shell:Creating package script '/uolstore/home/users/sc23s2e/ros2_ws/install/lab1/share/lab1/package.zsh'
[4.956s] Level 1:colcon.colcon_core.environment:create_file_with_runtime_dependencies(/uolstore/home/users/sc23s2e/ros2_ws/install/lab1/share/colcon-core/packages/lab1)
[4.963s] DEBUG:colcon.colcon_core.event_handler.log_command:Invoked command in '/uolstore/home/users/sc23s2e/ros2_ws/src/lab2' returned '0': PS1=[COMP3631] Singularity> \w $ PYTHONPATH=/uolstore/home/users/sc23s2e/ros2_ws/build/lab2/prefix_override:/uolstore/home/users/sc23s2e/ros2_ws/install/lab2/lib/python3.10/site-packages:${PYTHONPATH} /usr/bin/python3 setup.py egg_info --egg-base ../../build/lab2 build --build-base /uolstore/home/users/sc23s2e/ros2_ws/build/lab2/build install --record /uolstore/home/users/sc23s2e/ros2_ws/build/lab2/install.log --single-version-externally-managed
[4.969s] Level 1:colcon.colcon_core.environment:checking '/uolstore/home/users/sc23s2e/ros2_ws/install/lab2' for CMake module files
[4.975s] Level 1:colcon.colcon_core.environment:checking '/uolstore/home/users/sc23s2e/ros2_ws/install/lab2' for CMake config files
[4.990s] Level 1:colcon.colcon_core.environment:checking '/uolstore/home/users/sc23s2e/ros2_ws/install/lab2/lib'
[4.991s] Level 1:colcon.colcon_core.environment:checking '/uolstore/home/users/sc23s2e/ros2_ws/install/lab2/bin'
[4.991s] Level 1:colcon.colcon_core.environment:checking '/uolstore/home/users/sc23s2e/ros2_ws/install/lab2/lib/pkgconfig/lab2.pc'
[4.991s] Level 1:colcon.colcon_core.environment:checking '/uolstore/home/users/sc23s2e/ros2_ws/install/lab2/lib/python3.10/site-packages'
[4.991s] Level 1:colcon.colcon_core.shell:create_environment_hook('lab2', 'pythonpath')
[5.003s] INFO:colcon.colcon_core.shell:Creating environment hook '/uolstore/home/users/sc23s2e/ros2_ws/install/lab2/share/lab2/hook/pythonpath.ps1'
[5.006s] INFO:colcon.colcon_core.shell:Creating environment descriptor '/uolstore/home/users/sc23s2e/ros2_ws/install/lab2/share/lab2/hook/pythonpath.dsv'
[5.008s] INFO:colcon.colcon_core.shell:Creating environment hook '/uolstore/home/users/sc23s2e/ros2_ws/install/lab2/share/lab2/hook/pythonpath.sh'
[5.011s] Level 1:colcon.colcon_core.environment:checking '/uolstore/home/users/sc23s2e/ros2_ws/install/lab2/bin'
[5.011s] Level 1:colcon.colcon_core.environment:create_environment_scripts_only(lab2)
[5.021s] INFO:colcon.colcon_core.shell:Creating package script '/uolstore/home/users/sc23s2e/ros2_ws/install/lab2/share/lab2/package.ps1'
[5.025s] INFO:colcon.colcon_core.shell:Creating package descriptor '/uolstore/home/users/sc23s2e/ros2_ws/install/lab2/share/lab2/package.dsv'
[5.028s] INFO:colcon.colcon_core.shell:Creating package script '/uolstore/home/users/sc23s2e/ros2_ws/install/lab2/share/lab2/package.sh'
[5.031s] INFO:colcon.colcon_core.shell:Creating package script '/uolstore/home/users/sc23s2e/ros2_ws/install/lab2/share/lab2/package.bash'
[5.033s] INFO:colcon.colcon_core.shell:Creating package script '/uolstore/home/users/sc23s2e/ros2_ws/install/lab2/share/lab2/package.zsh'
[5.036s] Level 1:colcon.colcon_core.environment:create_file_with_runtime_dependencies(/uolstore/home/users/sc23s2e/ros2_ws/install/lab2/share/colcon-core/packages/lab2)
[5.038s] DEBUG:colcon.colcon_parallel_executor.executor.parallel:closing loop
[5.038s] DEBUG:colcon.colcon_parallel_executor.executor.parallel:loop closed
[5.038s] DEBUG:colcon.colcon_parallel_executor.executor.parallel:run_until_complete finished with '0'
[5.038s] DEBUG:colcon.colcon_core.event_reactor:joining thread
[5.208s] INFO:colcon.colcon_core.plugin_system:Skipping extension 'colcon_notification.desktop_notification.notify_send': Could not find 'notify-send'
[5.208s] INFO:colcon.colcon_core.plugin_system:Skipping extension 'colcon_notification.desktop_notification.terminal_notifier': Not used on non-Darwin systems
[5.208s] INFO:colcon.colcon_core.plugin_system:Skipping extension 'colcon_notification.desktop_notification.win32': Not used on non-Windows systems
[5.208s] INFO:colcon.colcon_notification.desktop_notification:Sending desktop notification using 'notify2'
[5.221s] DEBUG:colcon.colcon_core.event_reactor:joined thread
[5.234s] INFO:colcon.colcon_core.shell:Creating prefix script '/uolstore/home/users/sc23s2e/ros2_ws/install/local_setup.ps1'
[5.237s] INFO:colcon.colcon_core.shell:Creating prefix util module '/uolstore/home/users/sc23s2e/ros2_ws/install/_local_setup_util_ps1.py'
[5.240s] INFO:colcon.colcon_core.shell:Creating prefix chain script '/uolstore/home/users/sc23s2e/ros2_ws/install/setup.ps1'
[5.257s] INFO:colcon.colcon_core.shell:Creating prefix script '/uolstore/home/users/sc23s2e/ros2_ws/install/local_setup.sh'
[5.260s] INFO:colcon.colcon_core.shell:Creating prefix util module '/uolstore/home/users/sc23s2e/ros2_ws/install/_local_setup_util_sh.py'
[5.263s] INFO:colcon.colcon_core.shell:Creating prefix chain script '/uolstore/home/users/sc23s2e/ros2_ws/install/setup.sh'
[5.280s] INFO:colcon.colcon_core.shell:Creating prefix script '/uolstore/home/users/sc23s2e/ros2_ws/install/local_setup.bash'
[5.282s] INFO:colcon.colcon_core.shell:Creating prefix chain script '/uolstore/home/users/sc23s2e/ros2_ws/install/setup.bash'
[5.299s] INFO:colcon.colcon_core.shell:Creating prefix script '/uolstore/home/users/sc23s2e/ros2_ws/install/local_setup.zsh'
[5.302s] INFO:colcon.colcon_core.shell:Creating prefix chain script '/uolstore/home/users/sc23s2e/ros2_ws/install/setup.zsh'
