[2.201s] DEBUG:colcon:Command line arguments: ['/usr/bin/colcon', 'build']
[2.201s] DEBUG:colcon:Parsed command line arguments: Namespace(log_base=None, log_level=None, verb_name='build', build_base='build', install_base='install', merge_install=False, symlink_install=False, test_result_base=None, continue_on_error=False, executor='parallel', parallel_workers=20, event_handlers=None, ignore_user_meta=False, metas=['./colcon.meta'], base_paths=['.'], packages_ignore=None, packages_ignore_regex=None, paths=None, packages_up_to=None, packages_up_to_regex=None, packages_above=None, packages_above_and_dependencies=None, packages_above_depth=None, packages_select_by_dep=None, packages_skip_by_dep=None, packages_skip_up_to=None, packages_select_build_failed=False, packages_skip_build_finished=False, packages_select_test_failures=False, packages_skip_test_passed=False, packages_select=None, packages_skip=None, packages_select_regex=None, packages_skip_regex=None, packages_start=None, packages_end=None, allow_overriding=[], cmake_args=None, cmake_target=None, cmake_target_skip_unavailable=False, cmake_clean_cache=False, cmake_clean_first=False, cmake_force_configure=False, ament_cmake_args=None, catkin_cmake_args=None, catkin_skip_building_tests=False, verb_parser=<colcon_defaults.argument_parser.defaults.DefaultArgumentsDecorator object at 0x7fc7c645dc30>, verb_extension=<colcon_core.verb.build.BuildVerb object at 0x7fc7c6719240>, main=<bound method BuildVerb.main of <colcon_core.verb.build.BuildVerb object at 0x7fc7c6719240>>)
[2.322s] Level 1:colcon.colcon_core.package_discovery:discover_packages(colcon_meta) check parameters
[2.322s] Level 1:colcon.colcon_core.package_discovery:discover_packages(recursive) check parameters
[2.322s] Level 1:colcon.colcon_core.package_discovery:discover_packages(ignore) check parameters
[2.322s] Level 1:colcon.colcon_core.package_discovery:discover_packages(path) check parameters
[2.322s] Level 1:colcon.colcon_core.package_discovery:discover_packages(colcon_meta) discover
[2.322s] Level 1:colcon.colcon_core.package_discovery:discover_packages(recursive) discover
[2.322s] INFO:colcon.colcon_core.package_discovery:Crawling recursively for packages in '/uolstore/home/users/sc23s2e/ros2_ws'
[2.323s] Level 1:colcon.colcon_core.package_identification:_identify(.) by extensions ['ignore', 'ignore_ament_install']
[2.323s] Level 1:colcon.colcon_core.package_identification:_identify(.) by extension 'ignore'
[2.324s] Level 1:colcon.colcon_core.package_identification:_identify(.) by extension 'ignore_ament_install'
[2.324s] Level 1:colcon.colcon_core.package_identification:_identify(.) by extensions ['colcon_pkg']
[2.324s] Level 1:colcon.colcon_core.package_identification:_identify(.) by extension 'colcon_pkg'
[2.325s] Level 1:colcon.colcon_core.package_identification:_identify(.) by extensions ['colcon_meta']
[2.325s] Level 1:colcon.colcon_core.package_identification:_identify(.) by extension 'colcon_meta'
[2.325s] Level 1:colcon.colcon_core.package_identification:_identify(.) by extensions ['ros']
[2.325s] Level 1:colcon.colcon_core.package_identification:_identify(.) by extension 'ros'
[2.353s] Level 1:colcon.colcon_core.package_identification:_identify(.) by extensions ['cmake', 'python']
[2.353s] Level 1:colcon.colcon_core.package_identification:_identify(.) by extension 'cmake'
[2.353s] Level 1:colcon.colcon_core.package_identification:_identify(.) by extension 'python'
[2.354s] Level 1:colcon.colcon_core.package_identification:_identify(.) by extensions ['python_setup_py']
[2.354s] Level 1:colcon.colcon_core.package_identification:_identify(.) by extension 'python_setup_py'
[2.356s] Level 1:colcon.colcon_core.package_identification:_identify(build) by extensions ['ignore', 'ignore_ament_install']
[2.356s] Level 1:colcon.colcon_core.package_identification:_identify(build) by extension 'ignore'
[2.356s] Level 1:colcon.colcon_core.package_identification:_identify(build) ignored
[2.358s] Level 1:colcon.colcon_core.package_identification:_identify(install) by extensions ['ignore', 'ignore_ament_install']
[2.358s] Level 1:colcon.colcon_core.package_identification:_identify(install) by extension 'ignore'
[2.358s] Level 1:colcon.colcon_core.package_identification:_identify(install) ignored
[2.359s] Level 1:colcon.colcon_core.package_identification:_identify(log) by extensions ['ignore', 'ignore_ament_install']
[2.359s] Level 1:colcon.colcon_core.package_identification:_identify(log) by extension 'ignore'
[2.359s] Level 1:colcon.colcon_core.package_identification:_identify(log) ignored
[2.360s] Level 1:colcon.colcon_core.package_identification:_identify(src) by extensions ['ignore', 'ignore_ament_install']
[2.360s] Level 1:colcon.colcon_core.package_identification:_identify(src) by extension 'ignore'
[2.360s] Level 1:colcon.colcon_core.package_identification:_identify(src) by extension 'ignore_ament_install'
[2.361s] Level 1:colcon.colcon_core.package_identification:_identify(src) by extensions ['colcon_pkg']
[2.361s] Level 1:colcon.colcon_core.package_identification:_identify(src) by extension 'colcon_pkg'
[2.361s] Level 1:colcon.colcon_core.package_identification:_identify(src) by extensions ['colcon_meta']
[2.361s] Level 1:colcon.colcon_core.package_identification:_identify(src) by extension 'colcon_meta'
[2.361s] Level 1:colcon.colcon_core.package_identification:_identify(src) by extensions ['ros']
[2.361s] Level 1:colcon.colcon_core.package_identification:_identify(src) by extension 'ros'
[2.363s] Level 1:colcon.colcon_core.package_identification:_identify(src) by extensions ['cmake', 'python']
[2.363s] Level 1:colcon.colcon_core.package_identification:_identify(src) by extension 'cmake'
[2.364s] Level 1:colcon.colcon_core.package_identification:_identify(src) by extension 'python'
[2.364s] Level 1:colcon.colcon_core.package_identification:_identify(src) by extensions ['python_setup_py']
[2.364s] Level 1:colcon.colcon_core.package_identification:_identify(src) by extension 'python_setup_py'
[2.366s] Level 1:colcon.colcon_core.package_identification:_identify(src/lab1) by extensions ['ignore', 'ignore_ament_install']
[2.366s] Level 1:colcon.colcon_core.package_identification:_identify(src/lab1) by extension 'ignore'
[2.367s] Level 1:colcon.colcon_core.package_identification:_identify(src/lab1) by extension 'ignore_ament_install'
[2.367s] Level 1:colcon.colcon_core.package_identification:_identify(src/lab1) by extensions ['colcon_pkg']
[2.368s] Level 1:colcon.colcon_core.package_identification:_identify(src/lab1) by extension 'colcon_pkg'
[2.368s] Level 1:colcon.colcon_core.package_identification:_identify(src/lab1) by extensions ['colcon_meta']
[2.368s] Level 1:colcon.colcon_core.package_identification:_identify(src/lab1) by extension 'colcon_meta'
[2.368s] Level 1:colcon.colcon_core.package_identification:_identify(src/lab1) by extensions ['ros']
[2.368s] Level 1:colcon.colcon_core.package_identification:_identify(src/lab1) by extension 'ros'
[2.372s] DEBUG:colcon.colcon_core.package_identification:Package 'src/lab1' with type 'ros.ament_python' and name 'lab1'
[2.373s] Level 1:colcon.colcon_core.package_identification:_identify(src/lab2) by extensions ['ignore', 'ignore_ament_install']
[2.373s] Level 1:colcon.colcon_core.package_identification:_identify(src/lab2) by extension 'ignore'
[2.374s] Level 1:colcon.colcon_core.package_identification:_identify(src/lab2) by extension 'ignore_ament_install'
[2.374s] Level 1:colcon.colcon_core.package_identification:_identify(src/lab2) by extensions ['colcon_pkg']
[2.374s] Level 1:colcon.colcon_core.package_identification:_identify(src/lab2) by extension 'colcon_pkg'
[2.375s] Level 1:colcon.colcon_core.package_identification:_identify(src/lab2) by extensions ['colcon_meta']
[2.375s] Level 1:colcon.colcon_core.package_identification:_identify(src/lab2) by extension 'colcon_meta'
[2.375s] Level 1:colcon.colcon_core.package_identification:_identify(src/lab2) by extensions ['ros']
[2.375s] Level 1:colcon.colcon_core.package_identification:_identify(src/lab2) by extension 'ros'
[2.377s] DEBUG:colcon.colcon_core.package_identification:Package 'src/lab2' with type 'ros.ament_python' and name 'lab2'
[2.377s] Level 1:colcon.colcon_core.package_discovery:discover_packages(recursive) using defaults
[2.377s] Level 1:colcon.colcon_core.package_discovery:discover_packages(ignore) discover
[2.377s] Level 1:colcon.colcon_core.package_discovery:discover_packages(ignore) using defaults
[2.377s] Level 1:colcon.colcon_core.package_discovery:discover_packages(path) discover
[2.377s] Level 1:colcon.colcon_core.package_discovery:discover_packages(path) using defaults
[2.472s] Level 1:colcon.colcon_core.package_discovery:discover_packages(prefix_path) check parameters
[2.472s] Level 1:colcon.colcon_core.package_discovery:discover_packages(prefix_path) discover
[2.478s] Level 1:colcon.colcon_core.package_discovery:discover_packages(prefix_path) using defaults
[2.487s] Level 5:colcon.colcon_core.verb:set package 'lab1' build argument 'cmake_args' from command line to 'None'
[2.488s] Level 5:colcon.colcon_core.verb:set package 'lab1' build argument 'cmake_target' from command line to 'None'
[2.488s] Level 5:colcon.colcon_core.verb:set package 'lab1' build argument 'cmake_target_skip_unavailable' from command line to 'False'
[2.488s] Level 5:colcon.colcon_core.verb:set package 'lab1' build argument 'cmake_clean_cache' from command line to 'False'
[2.488s] Level 5:colcon.colcon_core.verb:set package 'lab1' build argument 'cmake_clean_first' from command line to 'False'
[2.488s] Level 5:colcon.colcon_core.verb:set package 'lab1' build argument 'cmake_force_configure' from command line to 'False'
[2.488s] Level 5:colcon.colcon_core.verb:set package 'lab1' build argument 'ament_cmake_args' from command line to 'None'
[2.488s] Level 5:colcon.colcon_core.verb:set package 'lab1' build argument 'catkin_cmake_args' from command line to 'None'
[2.488s] Level 5:colcon.colcon_core.verb:set package 'lab1' build argument 'catkin_skip_building_tests' from command line to 'False'
[2.488s] DEBUG:colcon.colcon_core.verb:Building package 'lab1' with the following arguments: {'ament_cmake_args': None, 'build_base': '/uolstore/home/users/sc23s2e/ros2_ws/build/lab1', 'catkin_cmake_args': None, 'catkin_skip_building_tests': False, 'cmake_args': None, 'cmake_clean_cache': False, 'cmake_clean_first': False, 'cmake_force_configure': False, 'cmake_target': None, 'cmake_target_skip_unavailable': False, 'install_base': '/uolstore/home/users/sc23s2e/ros2_ws/install/lab1', 'merge_install': False, 'path': '/uolstore/home/users/sc23s2e/ros2_ws/src/lab1', 'symlink_install': False, 'test_result_base': None}
[2.492s] Level 5:colcon.colcon_core.verb:set package 'lab2' build argument 'cmake_args' from command line to 'None'
[2.492s] Level 5:colcon.colcon_core.verb:set package 'lab2' build argument 'cmake_target' from command line to 'None'
[2.492s] Level 5:colcon.colcon_core.verb:set package 'lab2' build argument 'cmake_target_skip_unavailable' from command line to 'False'
[2.492s] Level 5:colcon.colcon_core.verb:set package 'lab2' build argument 'cmake_clean_cache' from command line to 'False'
[2.492s] Level 5:colcon.colcon_core.verb:set package 'lab2' build argument 'cmake_clean_first' from command line to 'False'
[2.492s] Level 5:colcon.colcon_core.verb:set package 'lab2' build argument 'cmake_force_configure' from command line to 'False'
[2.492s] Level 5:colcon.colcon_core.verb:set package 'lab2' build argument 'ament_cmake_args' from command line to 'None'
[2.492s] Level 5:colcon.colcon_core.verb:set package 'lab2' build argument 'catkin_cmake_args' from command line to 'None'
[2.492s] Level 5:colcon.colcon_core.verb:set package 'lab2' build argument 'catkin_skip_building_tests' from command line to 'False'
[2.492s] DEBUG:colcon.colcon_core.verb:Building package 'lab2' with the following arguments: {'ament_cmake_args': None, 'build_base': '/uolstore/home/users/sc23s2e/ros2_ws/build/lab2', 'catkin_cmake_args': None, 'catkin_skip_building_tests': False, 'cmake_args': None, 'cmake_clean_cache': False, 'cmake_clean_first': False, 'cmake_force_configure': False, 'cmake_target': None, 'cmake_target_skip_unavailable': False, 'install_base': '/uolstore/home/users/sc23s2e/ros2_ws/install/lab2', 'merge_install': False, 'path': '/uolstore/home/users/sc23s2e/ros2_ws/src/lab2', 'symlink_install': False, 'test_result_base': None}
[2.497s] INFO:colcon.colcon_core.executor:Executing jobs using 'parallel' executor
[2.502s] DEBUG:colcon.colcon_parallel_executor.executor.parallel:run_until_complete
[2.502s] INFO:colcon.colcon_ros.task.ament_python.build:Building ROS package in '/uolstore/home/users/sc23s2e/ros2_ws/src/lab1' with build type 'ament_python'
[2.502s] Level 1:colcon.colcon_core.shell:create_environment_hook('lab1', 'ament_prefix_path')
[2.509s] INFO:colcon.colcon_core.plugin_system:Skipping extension 'colcon_core.shell.bat': Not used on non-Windows systems
[2.509s] INFO:colcon.colcon_core.shell:Creating environment hook '/uolstore/home/users/sc23s2e/ros2_ws/install/lab1/share/lab1/hook/ament_prefix_path.ps1'
[2.516s] INFO:colcon.colcon_core.shell:Creating environment descriptor '/uolstore/home/users/sc23s2e/ros2_ws/install/lab1/share/lab1/hook/ament_prefix_path.dsv'
[2.519s] INFO:colcon.colcon_core.shell:Creating environment hook '/uolstore/home/users/sc23s2e/ros2_ws/install/lab1/share/lab1/hook/ament_prefix_path.sh'
[2.527s] INFO:colcon.colcon_core.shell:Skip shell extension 'powershell' for command environment: Not usable outside of PowerShell
[2.527s] DEBUG:colcon.colcon_core.shell:Skip shell extension 'dsv' for command environment
[2.540s] INFO:colcon.colcon_ros.task.ament_python.build:Building ROS package in '/uolstore/home/users/sc23s2e/ros2_ws/src/lab2' with build type 'ament_python'
[2.540s] Level 1:colcon.colcon_core.shell:create_environment_hook('lab2', 'ament_prefix_path')
[2.545s] INFO:colcon.colcon_core.shell:Creating environment hook '/uolstore/home/users/sc23s2e/ros2_ws/install/lab2/share/lab2/hook/ament_prefix_path.ps1'
[2.552s] INFO:colcon.colcon_core.shell:Creating environment descriptor '/uolstore/home/users/sc23s2e/ros2_ws/install/lab2/share/lab2/hook/ament_prefix_path.dsv'
[2.555s] INFO:colcon.colcon_core.shell:Creating environment hook '/uolstore/home/users/sc23s2e/ros2_ws/install/lab2/share/lab2/hook/ament_prefix_path.sh'
[2.562s] INFO:colcon.colcon_core.shell:Skip shell extension 'powershell' for command environment: Not usable outside of PowerShell
[2.562s] DEBUG:colcon.colcon_core.shell:Skip shell extension 'dsv' for command environment
[2.725s] INFO:colcon.colcon_core.task.python.build:Building Python package in '/uolstore/home/users/sc23s2e/ros2_ws/src/lab1'
[2.731s] INFO:colcon.colcon_core.shell:Skip shell extension 'powershell' for command environment: Not usable outside of PowerShell
[2.731s] DEBUG:colcon.colcon_core.shell:Skip shell extension 'dsv' for command environment
[2.896s] INFO:colcon.colcon_core.task.python.build:Building Python package in '/uolstore/home/users/sc23s2e/ros2_ws/src/lab2'
[2.901s] INFO:colcon.colcon_core.shell:Skip shell extension 'powershell' for command environment: Not usable outside of PowerShell
[2.901s] DEBUG:colcon.colcon_core.shell:Skip shell extension 'dsv' for command environment
[3.368s] DEBUG:colcon.colcon_core.event_handler.log_command:Invoking command in '/uolstore/home/users/sc23s2e/ros2_ws/src/lab1': PS1=[COMP3631] Singularity> \w $ PYTHONPATH=/uolstore/home/users/sc23s2e/ros2_ws/build/lab1/prefix_override:/uolstore/home/users/sc23s2e/ros2_ws/install/lab1/lib/python3.10/site-packages: /usr/bin/python3 setup.py egg_info --egg-base ../../build/lab1 build --build-base /uolstore/home/users/sc23s2e/ros2_ws/build/lab1/build install --record /uolstore/home/users/sc23s2e/ros2_ws/build/lab1/install.log --single-version-externally-managed
[3.375s] DEBUG:colcon.colcon_core.event_handler.log_command:Invoking command in '/uolstore/home/users/sc23s2e/ros2_ws/src/lab2': PS1=[COMP3631] Singularity> \w $ PYTHONPATH=/uolstore/home/users/sc23s2e/ros2_ws/build/lab2/prefix_override:/uolstore/home/users/sc23s2e/ros2_ws/install/lab2/lib/python3.10/site-packages: /usr/bin/python3 setup.py egg_info --egg-base ../../build/lab2 build --build-base /uolstore/home/users/sc23s2e/ros2_ws/build/lab2/build install --record /uolstore/home/users/sc23s2e/ros2_ws/build/lab2/install.log --single-version-externally-managed
[3.639s] DEBUG:colcon.colcon_core.event_handler.log_command:Invoked command in '/uolstore/home/users/sc23s2e/ros2_ws/src/lab1' returned '0': PS1=[COMP3631] Singularity> \w $ PYTHONPATH=/uolstore/home/users/sc23s2e/ros2_ws/build/lab1/prefix_override:/uolstore/home/users/sc23s2e/ros2_ws/install/lab1/lib/python3.10/site-packages: /usr/bin/python3 setup.py egg_info --egg-base ../../build/lab1 build --build-base /uolstore/home/users/sc23s2e/ros2_ws/build/lab1/build install --record /uolstore/home/users/sc23s2e/ros2_ws/build/lab1/install.log --single-version-externally-managed
[3.648s] Level 1:colcon.colcon_core.environment:checking '/uolstore/home/users/sc23s2e/ros2_ws/install/lab1' for CMake module files
[3.654s] Level 1:colcon.colcon_core.environment:checking '/uolstore/home/users/sc23s2e/ros2_ws/install/lab1' for CMake config files
[3.670s] Level 1:colcon.colcon_core.environment:checking '/uolstore/home/users/sc23s2e/ros2_ws/install/lab1/lib'
[3.671s] Level 1:colcon.colcon_core.environment:checking '/uolstore/home/users/sc23s2e/ros2_ws/install/lab1/bin'
[3.671s] Level 1:colcon.colcon_core.environment:checking '/uolstore/home/users/sc23s2e/ros2_ws/install/lab1/lib/pkgconfig/lab1.pc'
[3.672s] Level 1:colcon.colcon_core.environment:checking '/uolstore/home/users/sc23s2e/ros2_ws/install/lab1/lib/python3.10/site-packages'
[3.672s] Level 1:colcon.colcon_core.shell:create_environment_hook('lab1', 'pythonpath')
[3.677s] INFO:colcon.colcon_core.shell:Creating environment hook '/uolstore/home/users/sc23s2e/ros2_ws/install/lab1/share/lab1/hook/pythonpath.ps1'
[3.679s] INFO:colcon.colcon_core.shell:Creating environment descriptor '/uolstore/home/users/sc23s2e/ros2_ws/install/lab1/share/lab1/hook/pythonpath.dsv'
[3.682s] INFO:colcon.colcon_core.shell:Creating environment hook '/uolstore/home/users/sc23s2e/ros2_ws/install/lab1/share/lab1/hook/pythonpath.sh'
[3.685s] Level 1:colcon.colcon_core.environment:checking '/uolstore/home/users/sc23s2e/ros2_ws/install/lab1/bin'
[3.685s] Level 1:colcon.colcon_core.environment:create_environment_scripts_only(lab1)
[3.690s] INFO:colcon.colcon_core.shell:Creating package script '/uolstore/home/users/sc23s2e/ros2_ws/install/lab1/share/lab1/package.ps1'
[3.694s] INFO:colcon.colcon_core.shell:Creating package descriptor '/uolstore/home/users/sc23s2e/ros2_ws/install/lab1/share/lab1/package.dsv'
[3.697s] INFO:colcon.colcon_core.shell:Creating package script '/uolstore/home/users/sc23s2e/ros2_ws/install/lab1/share/lab1/package.sh'
[3.701s] INFO:colcon.colcon_core.shell:Creating package script '/uolstore/home/users/sc23s2e/ros2_ws/install/lab1/share/lab1/package.bash'
[3.704s] INFO:colcon.colcon_core.shell:Creating package script '/uolstore/home/users/sc23s2e/ros2_ws/install/lab1/share/lab1/package.zsh'
[3.708s] Level 1:colcon.colcon_core.environment:create_file_with_runtime_dependencies(/uolstore/home/users/sc23s2e/ros2_ws/install/lab1/share/colcon-core/packages/lab1)
[3.715s] Level 1:colcon.colcon_core.environment:checking '/uolstore/home/users/sc23s2e/ros2_ws/install/lab2' for CMake module files
[3.716s] DEBUG:colcon.colcon_core.event_handler.log_command:Invoked command in '/uolstore/home/users/sc23s2e/ros2_ws/src/lab2' returned '0': PS1=[COMP3631] Singularity> \w $ PYTHONPATH=/uolstore/home/users/sc23s2e/ros2_ws/build/lab2/prefix_override:/uolstore/home/users/sc23s2e/ros2_ws/install/lab2/lib/python3.10/site-packages: /usr/bin/python3 setup.py egg_info --egg-base ../../build/lab2 build --build-base /uolstore/home/users/sc23s2e/ros2_ws/build/lab2/build install --record /uolstore/home/users/sc23s2e/ros2_ws/build/lab2/install.log --single-version-externally-managed
[3.721s] Level 1:colcon.colcon_core.environment:checking '/uolstore/home/users/sc23s2e/ros2_ws/install/lab2' for CMake config files
[3.734s] Level 1:colcon.colcon_core.environment:checking '/uolstore/home/users/sc23s2e/ros2_ws/install/lab2/lib'
[3.734s] Level 1:colcon.colcon_core.environment:checking '/uolstore/home/users/sc23s2e/ros2_ws/install/lab2/bin'
[3.735s] Level 1:colcon.colcon_core.environment:checking '/uolstore/home/users/sc23s2e/ros2_ws/install/lab2/lib/pkgconfig/lab2.pc'
[3.735s] Level 1:colcon.colcon_core.environment:checking '/uolstore/home/users/sc23s2e/ros2_ws/install/lab2/lib/python3.10/site-packages'
[3.735s] Level 1:colcon.colcon_core.shell:create_environment_hook('lab2', 'pythonpath')
[3.741s] INFO:colcon.colcon_core.shell:Creating environment hook '/uolstore/home/users/sc23s2e/ros2_ws/install/lab2/share/lab2/hook/pythonpath.ps1'
[3.744s] INFO:colcon.colcon_core.shell:Creating environment descriptor '/uolstore/home/users/sc23s2e/ros2_ws/install/lab2/share/lab2/hook/pythonpath.dsv'
[3.746s] INFO:colcon.colcon_core.shell:Creating environment hook '/uolstore/home/users/sc23s2e/ros2_ws/install/lab2/share/lab2/hook/pythonpath.sh'
[3.750s] Level 1:colcon.colcon_core.environment:checking '/uolstore/home/users/sc23s2e/ros2_ws/install/lab2/bin'
[3.750s] Level 1:colcon.colcon_core.environment:create_environment_scripts_only(lab2)
[3.754s] INFO:colcon.colcon_core.shell:Creating package script '/uolstore/home/users/sc23s2e/ros2_ws/install/lab2/share/lab2/package.ps1'
[3.758s] INFO:colcon.colcon_core.shell:Creating package descriptor '/uolstore/home/users/sc23s2e/ros2_ws/install/lab2/share/lab2/package.dsv'
[3.761s] INFO:colcon.colcon_core.shell:Creating package script '/uolstore/home/users/sc23s2e/ros2_ws/install/lab2/share/lab2/package.sh'
[3.764s] INFO:colcon.colcon_core.shell:Creating package script '/uolstore/home/users/sc23s2e/ros2_ws/install/lab2/share/lab2/package.bash'
[3.766s] INFO:colcon.colcon_core.shell:Creating package script '/uolstore/home/users/sc23s2e/ros2_ws/install/lab2/share/lab2/package.zsh'
[3.769s] Level 1:colcon.colcon_core.environment:create_file_with_runtime_dependencies(/uolstore/home/users/sc23s2e/ros2_ws/install/lab2/share/colcon-core/packages/lab2)
[3.774s] DEBUG:colcon.colcon_parallel_executor.executor.parallel:closing loop
[3.774s] DEBUG:colcon.colcon_parallel_executor.executor.parallel:loop closed
[3.774s] DEBUG:colcon.colcon_parallel_executor.executor.parallel:run_until_complete finished with '0'
[3.774s] DEBUG:colcon.colcon_core.event_reactor:joining thread
[3.842s] INFO:colcon.colcon_core.plugin_system:Skipping extension 'colcon_notification.desktop_notification.notify_send': Could not find 'notify-send'
[3.842s] INFO:colcon.colcon_core.plugin_system:Skipping extension 'colcon_notification.desktop_notification.terminal_notifier': Not used on non-Darwin systems
[3.842s] INFO:colcon.colcon_core.plugin_system:Skipping extension 'colcon_notification.desktop_notification.win32': Not used on non-Windows systems
[3.842s] INFO:colcon.colcon_notification.desktop_notification:Sending desktop notification using 'notify2'
[3.852s] DEBUG:colcon.colcon_core.event_reactor:joined thread
[3.858s] INFO:colcon.colcon_core.shell:Creating prefix script '/uolstore/home/users/sc23s2e/ros2_ws/install/local_setup.ps1'
[3.861s] INFO:colcon.colcon_core.shell:Creating prefix util module '/uolstore/home/users/sc23s2e/ros2_ws/install/_local_setup_util_ps1.py'
[3.864s] INFO:colcon.colcon_core.shell:Creating prefix chain script '/uolstore/home/users/sc23s2e/ros2_ws/install/setup.ps1'
[3.872s] INFO:colcon.colcon_core.shell:Creating prefix script '/uolstore/home/users/sc23s2e/ros2_ws/install/local_setup.sh'
[3.875s] INFO:colcon.colcon_core.shell:Creating prefix util module '/uolstore/home/users/sc23s2e/ros2_ws/install/_local_setup_util_sh.py'
[3.879s] INFO:colcon.colcon_core.shell:Creating prefix chain script '/uolstore/home/users/sc23s2e/ros2_ws/install/setup.sh'
[3.886s] INFO:colcon.colcon_core.shell:Creating prefix script '/uolstore/home/users/sc23s2e/ros2_ws/install/local_setup.bash'
[3.889s] INFO:colcon.colcon_core.shell:Creating prefix chain script '/uolstore/home/users/sc23s2e/ros2_ws/install/setup.bash'
[3.897s] INFO:colcon.colcon_core.shell:Creating prefix script '/uolstore/home/users/sc23s2e/ros2_ws/install/local_setup.zsh'
[3.900s] INFO:colcon.colcon_core.shell:Creating prefix chain script '/uolstore/home/users/sc23s2e/ros2_ws/install/setup.zsh'
