[0.616s] Invoking command in '/uolstore/home/users/sc23s2e/ros2_ws/src/lab1': PS1=[COMP3631] Singularity> \w $ PYTHONPATH=/uolstore/home/users/sc23s2e/ros2_ws/build/lab1/prefix_override:/uolstore/home/users/sc23s2e/ros2_ws/install/lab1/lib/python3.10/site-packages: /usr/bin/python3 setup.py egg_info --egg-base ../../build/lab1 build --build-base /uolstore/home/users/sc23s2e/ros2_ws/build/lab1/build install --record /uolstore/home/users/sc23s2e/ros2_ws/build/lab1/install.log --single-version-externally-managed
[0.812s] running egg_info
[0.813s] creating ../../build/lab1/lab1.egg-info
[0.814s] writing ../../build/lab1/lab1.egg-info/PKG-INFO
[0.819s] writing dependency_links to ../../build/lab1/lab1.egg-info/dependency_links.txt
[0.821s] writing entry points to ../../build/lab1/lab1.egg-info/entry_points.txt
[0.823s] writing requirements to ../../build/lab1/lab1.egg-info/requires.txt
[0.825s] writing top-level names to ../../build/lab1/lab1.egg-info/top_level.txt
[0.828s] writing manifest file '../../build/lab1/lab1.egg-info/SOURCES.txt'
[0.834s] reading manifest file '../../build/lab1/lab1.egg-info/SOURCES.txt'
[0.836s] writing manifest file '../../build/lab1/lab1.egg-info/SOURCES.txt'
[0.838s] running build
[0.838s] running build_py
[0.839s] creating /uolstore/home/users/sc23s2e/ros2_ws/build/lab1/build
[0.840s] creating /uolstore/home/users/sc23s2e/ros2_ws/build/lab1/build/lib
[0.841s] creating /uolstore/home/users/sc23s2e/ros2_ws/build/lab1/build/lib/lab1
[0.842s] copying lab1/__init__.py -> /uolstore/home/users/sc23s2e/ros2_ws/build/lab1/build/lib/lab1
[0.846s] copying lab1/hello.py -> /uolstore/home/users/sc23s2e/ros2_ws/build/lab1/build/lib/lab1
[0.855s] running install
[0.856s] running install_lib
[0.859s] creating /uolstore/home/users/sc23s2e/ros2_ws/install/lab1/lib/python3.10/site-packages/lab1
[0.861s] copying /uolstore/home/users/sc23s2e/ros2_ws/build/lab1/build/lib/lab1/__init__.py -> /uolstore/home/users/sc23s2e/ros2_ws/install/lab1/lib/python3.10/site-packages/lab1
[0.865s] copying /uolstore/home/users/sc23s2e/ros2_ws/build/lab1/build/lib/lab1/hello.py -> /uolstore/home/users/sc23s2e/ros2_ws/install/lab1/lib/python3.10/site-packages/lab1
[0.871s] byte-compiling /uolstore/home/users/sc23s2e/ros2_ws/install/lab1/lib/python3.10/site-packages/lab1/__init__.py to __init__.cpython-310.pyc
[0.876s] byte-compiling /uolstore/home/users/sc23s2e/ros2_ws/install/lab1/lib/python3.10/site-packages/lab1/hello.py to hello.cpython-310.pyc
[0.882s] running install_data
[0.883s] creating /uolstore/home/users/sc23s2e/ros2_ws/install/lab1/share/ament_index
[0.884s] creating /uolstore/home/users/sc23s2e/ros2_ws/install/lab1/share/ament_index/resource_index
[0.886s] creating /uolstore/home/users/sc23s2e/ros2_ws/install/lab1/share/ament_index/resource_index/packages
[0.888s] copying resource/lab1 -> /uolstore/home/users/sc23s2e/ros2_ws/install/lab1/share/ament_index/resource_index/packages
[0.891s] copying package.xml -> /uolstore/home/users/sc23s2e/ros2_ws/install/lab1/share/lab1
[0.895s] running install_egg_info
[0.898s] Copying ../../build/lab1/lab1.egg-info to /uolstore/home/users/sc23s2e/ros2_ws/install/lab1/lib/python3.10/site-packages/lab1-0.0.0-py3.10.egg-info
[0.945s] running install_scripts
[0.962s] Installing hello script to /uolstore/home/users/sc23s2e/ros2_ws/install/lab1/lib/lab1
[0.966s] writing list of installed files to '/uolstore/home/users/sc23s2e/ros2_ws/build/lab1/install.log'
[0.982s] Invoked command in '/uolstore/home/users/sc23s2e/ros2_ws/src/lab1' returned '0': PS1=[COMP3631] Singularity> \w $ PYTHONPATH=/uolstore/home/users/sc23s2e/ros2_ws/build/lab1/prefix_override:/uolstore/home/users/sc23s2e/ros2_ws/install/lab1/lib/python3.10/site-packages: /usr/bin/python3 setup.py egg_info --egg-base ../../build/lab1 build --build-base /uolstore/home/users/sc23s2e/ros2_ws/build/lab1/build install --record /uolstore/home/users/sc23s2e/ros2_ws/build/lab1/install.log --single-version-externally-managed
