[0.817s] DEBUG:colcon:Command line arguments: ['/usr/bin/colcon', 'build']
[0.817s] DEBUG:colcon:Parsed command line arguments: Namespace(log_base=None, log_level=None, verb_name='build', build_base='build', install_base='install', merge_install=False, symlink_install=False, test_result_base=None, continue_on_error=False, executor='parallel', parallel_workers=20, event_handlers=None, ignore_user_meta=False, metas=['./colcon.meta'], base_paths=['.'], packages_ignore=None, packages_ignore_regex=None, paths=None, packages_up_to=None, packages_up_to_regex=None, packages_above=None, packages_above_and_dependencies=None, packages_above_depth=None, packages_select_by_dep=None, packages_skip_by_dep=None, packages_skip_up_to=None, packages_select_build_failed=False, packages_skip_build_finished=False, packages_select_test_failures=False, packages_skip_test_passed=False, packages_select=None, packages_skip=None, packages_select_regex=None, packages_skip_regex=None, packages_start=None, packages_end=None, allow_overriding=[], cmake_args=None, cmake_target=None, cmake_target_skip_unavailable=False, cmake_clean_cache=False, cmake_clean_first=False, cmake_force_configure=False, ament_cmake_args=None, catkin_cmake_args=None, catkin_skip_building_tests=False, verb_parser=<colcon_defaults.argument_parser.defaults.DefaultArgumentsDecorator object at 0x7ff22f795c60>, verb_extension=<colcon_core.verb.build.BuildVerb object at 0x7ff22fa00940>, main=<bound method BuildVerb.main of <colcon_core.verb.build.BuildVerb object at 0x7ff22fa00940>>)
[0.863s] Level 1:colcon.colcon_core.package_discovery:discover_packages(colcon_meta) check parameters
[0.863s] Level 1:colcon.colcon_core.package_discovery:discover_packages(recursive) check parameters
[0.863s] Level 1:colcon.colcon_core.package_discovery:discover_packages(ignore) check parameters
[0.863s] Level 1:colcon.colcon_core.package_discovery:discover_packages(path) check parameters
[0.863s] Level 1:colcon.colcon_core.package_discovery:discover_packages(colcon_meta) discover
[0.863s] Level 1:colcon.colcon_core.package_discovery:discover_packages(recursive) discover
[0.863s] INFO:colcon.colcon_core.package_discovery:Crawling recursively for packages in '/uolstore/home/users/sc23s2e/ros2_ws'
[0.864s] Level 1:colcon.colcon_core.package_identification:_identify(.) by extensions ['ignore', 'ignore_ament_install']
[0.864s] Level 1:colcon.colcon_core.package_identification:_identify(.) by extension 'ignore'
[0.864s] Level 1:colcon.colcon_core.package_identification:_identify(.) by extension 'ignore_ament_install'
[0.864s] Level 1:colcon.colcon_core.package_identification:_identify(.) by extensions ['colcon_pkg']
[0.864s] Level 1:colcon.colcon_core.package_identification:_identify(.) by extension 'colcon_pkg'
[0.864s] Level 1:colcon.colcon_core.package_identification:_identify(.) by extensions ['colcon_meta']
[0.864s] Level 1:colcon.colcon_core.package_identification:_identify(.) by extension 'colcon_meta'
[0.864s] Level 1:colcon.colcon_core.package_identification:_identify(.) by extensions ['ros']
[0.864s] Level 1:colcon.colcon_core.package_identification:_identify(.) by extension 'ros'
[0.871s] Level 1:colcon.colcon_core.package_identification:_identify(.) by extensions ['cmake', 'python']
[0.871s] Level 1:colcon.colcon_core.package_identification:_identify(.) by extension 'cmake'
[0.871s] Level 1:colcon.colcon_core.package_identification:_identify(.) by extension 'python'
[0.871s] Level 1:colcon.colcon_core.package_identification:_identify(.) by extensions ['python_setup_py']
[0.871s] Level 1:colcon.colcon_core.package_identification:_identify(.) by extension 'python_setup_py'
[0.871s] Level 1:colcon.colcon_core.package_identification:_identify(build) by extensions ['ignore', 'ignore_ament_install']
[0.871s] Level 1:colcon.colcon_core.package_identification:_identify(build) by extension 'ignore'
[0.871s] Level 1:colcon.colcon_core.package_identification:_identify(build) ignored
[0.872s] Level 1:colcon.colcon_core.package_identification:_identify(install) by extensions ['ignore', 'ignore_ament_install']
[0.872s] Level 1:colcon.colcon_core.package_identification:_identify(install) by extension 'ignore'
[0.872s] Level 1:colcon.colcon_core.package_identification:_identify(install) ignored
[0.873s] Level 1:colcon.colcon_core.package_identification:_identify(log) by extensions ['ignore', 'ignore_ament_install']
[0.873s] Level 1:colcon.colcon_core.package_identification:_identify(log) by extension 'ignore'
[0.873s] Level 1:colcon.colcon_core.package_identification:_identify(log) ignored
[0.874s] Level 1:colcon.colcon_core.package_identification:_identify(src) by extensions ['ignore', 'ignore_ament_install']
[0.874s] Level 1:colcon.colcon_core.package_identification:_identify(src) by extension 'ignore'
[0.874s] Level 1:colcon.colcon_core.package_identification:_identify(src) by extension 'ignore_ament_install'
[0.874s] Level 1:colcon.colcon_core.package_identification:_identify(src) by extensions ['colcon_pkg']
[0.874s] Level 1:colcon.colcon_core.package_identification:_identify(src) by extension 'colcon_pkg'
[0.874s] Level 1:colcon.colcon_core.package_identification:_identify(src) by extensions ['colcon_meta']
[0.874s] Level 1:colcon.colcon_core.package_identification:_identify(src) by extension 'colcon_meta'
[0.874s] Level 1:colcon.colcon_core.package_identification:_identify(src) by extensions ['ros']
[0.874s] Level 1:colcon.colcon_core.package_identification:_identify(src) by extension 'ros'
[0.874s] Level 1:colcon.colcon_core.package_identification:_identify(src) by extensions ['cmake', 'python']
[0.874s] Level 1:colcon.colcon_core.package_identification:_identify(src) by extension 'cmake'
[0.874s] Level 1:colcon.colcon_core.package_identification:_identify(src) by extension 'python'
[0.874s] Level 1:colcon.colcon_core.package_identification:_identify(src) by extensions ['python_setup_py']
[0.874s] Level 1:colcon.colcon_core.package_identification:_identify(src) by extension 'python_setup_py'
[0.875s] Level 1:colcon.colcon_core.package_identification:_identify(src/lab1) by extensions ['ignore', 'ignore_ament_install']
[0.875s] Level 1:colcon.colcon_core.package_identification:_identify(src/lab1) by extension 'ignore'
[0.875s] Level 1:colcon.colcon_core.package_identification:_identify(src/lab1) by extension 'ignore_ament_install'
[0.875s] Level 1:colcon.colcon_core.package_identification:_identify(src/lab1) by extensions ['colcon_pkg']
[0.875s] Level 1:colcon.colcon_core.package_identification:_identify(src/lab1) by extension 'colcon_pkg'
[0.875s] Level 1:colcon.colcon_core.package_identification:_identify(src/lab1) by extensions ['colcon_meta']
[0.875s] Level 1:colcon.colcon_core.package_identification:_identify(src/lab1) by extension 'colcon_meta'
[0.875s] Level 1:colcon.colcon_core.package_identification:_identify(src/lab1) by extensions ['ros']
[0.875s] Level 1:colcon.colcon_core.package_identification:_identify(src/lab1) by extension 'ros'
[0.878s] DEBUG:colcon.colcon_core.package_identification:Package 'src/lab1' with type 'ros.ament_python' and name 'lab1'
[0.878s] Level 1:colcon.colcon_core.package_identification:_identify(src/lab2) by extensions ['ignore', 'ignore_ament_install']
[0.878s] Level 1:colcon.colcon_core.package_identification:_identify(src/lab2) by extension 'ignore'
[0.878s] Level 1:colcon.colcon_core.package_identification:_identify(src/lab2) by extension 'ignore_ament_install'
[0.878s] Level 1:colcon.colcon_core.package_identification:_identify(src/lab2) by extensions ['colcon_pkg']
[0.878s] Level 1:colcon.colcon_core.package_identification:_identify(src/lab2) by extension 'colcon_pkg'
[0.878s] Level 1:colcon.colcon_core.package_identification:_identify(src/lab2) by extensions ['colcon_meta']
[0.878s] Level 1:colcon.colcon_core.package_identification:_identify(src/lab2) by extension 'colcon_meta'
[0.878s] Level 1:colcon.colcon_core.package_identification:_identify(src/lab2) by extensions ['ros']
[0.878s] Level 1:colcon.colcon_core.package_identification:_identify(src/lab2) by extension 'ros'
[0.880s] DEBUG:colcon.colcon_core.package_identification:Package 'src/lab2' with type 'ros.ament_python' and name 'lab2'
[0.880s] Level 1:colcon.colcon_core.package_discovery:discover_packages(recursive) using defaults
[0.880s] Level 1:colcon.colcon_core.package_discovery:discover_packages(ignore) discover
[0.880s] Level 1:colcon.colcon_core.package_discovery:discover_packages(ignore) using defaults
[0.880s] Level 1:colcon.colcon_core.package_discovery:discover_packages(path) discover
[0.880s] Level 1:colcon.colcon_core.package_discovery:discover_packages(path) using defaults
[0.956s] Level 1:colcon.colcon_core.package_discovery:discover_packages(prefix_path) check parameters
[0.957s] Level 1:colcon.colcon_core.package_discovery:discover_packages(prefix_path) discover
[0.997s] DEBUG:colcon.colcon_installed_package_information.package_discovery:Found 2 installed packages in /uolstore/home/users/sc23s2e/ros2_ws/install
[1.011s] DEBUG:colcon.colcon_installed_package_information.package_discovery:Found 383 installed packages in /opt/ros/humble
[1.017s] Level 1:colcon.colcon_core.package_discovery:discover_packages(prefix_path) using defaults
[1.096s] Level 5:colcon.colcon_core.verb:set package 'lab1' build argument 'cmake_args' from command line to 'None'
[1.096s] Level 5:colcon.colcon_core.verb:set package 'lab1' build argument 'cmake_target' from command line to 'None'
[1.096s] Level 5:colcon.colcon_core.verb:set package 'lab1' build argument 'cmake_target_skip_unavailable' from command line to 'False'
[1.096s] Level 5:colcon.colcon_core.verb:set package 'lab1' build argument 'cmake_clean_cache' from command line to 'False'
[1.096s] Level 5:colcon.colcon_core.verb:set package 'lab1' build argument 'cmake_clean_first' from command line to 'False'
[1.096s] Level 5:colcon.colcon_core.verb:set package 'lab1' build argument 'cmake_force_configure' from command line to 'False'
[1.096s] Level 5:colcon.colcon_core.verb:set package 'lab1' build argument 'ament_cmake_args' from command line to 'None'
[1.096s] Level 5:colcon.colcon_core.verb:set package 'lab1' build argument 'catkin_cmake_args' from command line to 'None'
[1.096s] Level 5:colcon.colcon_core.verb:set package 'lab1' build argument 'catkin_skip_building_tests' from command line to 'False'
[1.096s] DEBUG:colcon.colcon_core.verb:Building package 'lab1' with the following arguments: {'ament_cmake_args': None, 'build_base': '/uolstore/home/users/sc23s2e/ros2_ws/build/lab1', 'catkin_cmake_args': None, 'catkin_skip_building_tests': False, 'cmake_args': None, 'cmake_clean_cache': False, 'cmake_clean_first': False, 'cmake_force_configure': False, 'cmake_target': None, 'cmake_target_skip_unavailable': False, 'install_base': '/uolstore/home/users/sc23s2e/ros2_ws/install/lab1', 'merge_install': False, 'path': '/uolstore/home/users/sc23s2e/ros2_ws/src/lab1', 'symlink_install': False, 'test_result_base': None}
[1.108s] Level 5:colcon.colcon_core.verb:set package 'lab2' build argument 'cmake_args' from command line to 'None'
[1.108s] Level 5:colcon.colcon_core.verb:set package 'lab2' build argument 'cmake_target' from command line to 'None'
[1.108s] Level 5:colcon.colcon_core.verb:set package 'lab2' build argument 'cmake_target_skip_unavailable' from command line to 'False'
[1.108s] Level 5:colcon.colcon_core.verb:set package 'lab2' build argument 'cmake_clean_cache' from command line to 'False'
[1.108s] Level 5:colcon.colcon_core.verb:set package 'lab2' build argument 'cmake_clean_first' from command line to 'False'
[1.108s] Level 5:colcon.colcon_core.verb:set package 'lab2' build argument 'cmake_force_configure' from command line to 'False'
[1.108s] Level 5:colcon.colcon_core.verb:set package 'lab2' build argument 'ament_cmake_args' from command line to 'None'
[1.108s] Level 5:colcon.colcon_core.verb:set package 'lab2' build argument 'catkin_cmake_args' from command line to 'None'
[1.108s] Level 5:colcon.colcon_core.verb:set package 'lab2' build argument 'catkin_skip_building_tests' from command line to 'False'
[1.108s] DEBUG:colcon.colcon_core.verb:Building package 'lab2' with the following arguments: {'ament_cmake_args': None, 'build_base': '/uolstore/home/users/sc23s2e/ros2_ws/build/lab2', 'catkin_cmake_args': None, 'catkin_skip_building_tests': False, 'cmake_args': None, 'cmake_clean_cache': False, 'cmake_clean_first': False, 'cmake_force_configure': False, 'cmake_target': None, 'cmake_target_skip_unavailable': False, 'install_base': '/uolstore/home/users/sc23s2e/ros2_ws/install/lab2', 'merge_install': False, 'path': '/uolstore/home/users/sc23s2e/ros2_ws/src/lab2', 'symlink_install': False, 'test_result_base': None}
[1.123s] INFO:colcon.colcon_core.executor:Executing jobs using 'parallel' executor
[1.135s] DEBUG:colcon.colcon_parallel_executor.executor.parallel:run_until_complete
[1.135s] INFO:colcon.colcon_ros.task.ament_python.build:Building ROS package in '/uolstore/home/users/sc23s2e/ros2_ws/src/lab1' with build type 'ament_python'
[1.135s] Level 1:colcon.colcon_core.shell:create_environment_hook('lab1', 'ament_prefix_path')
[1.149s] INFO:colcon.colcon_core.plugin_system:Skipping extension 'colcon_core.shell.bat': Not used on non-Windows systems
[1.149s] INFO:colcon.colcon_core.shell:Creating environment hook '/uolstore/home/users/sc23s2e/ros2_ws/install/lab1/share/lab1/hook/ament_prefix_path.ps1'
[1.342s] INFO:colcon.colcon_core.shell:Creating environment descriptor '/uolstore/home/users/sc23s2e/ros2_ws/install/lab1/share/lab1/hook/ament_prefix_path.dsv'
[1.347s] INFO:colcon.colcon_core.shell:Creating environment hook '/uolstore/home/users/sc23s2e/ros2_ws/install/lab1/share/lab1/hook/ament_prefix_path.sh'
[1.364s] INFO:colcon.colcon_core.shell:Skip shell extension 'powershell' for command environment: Not usable outside of PowerShell
[1.364s] DEBUG:colcon.colcon_core.shell:Skip shell extension 'dsv' for command environment
[1.414s] INFO:colcon.colcon_ros.task.ament_python.build:Building ROS package in '/uolstore/home/users/sc23s2e/ros2_ws/src/lab2' with build type 'ament_python'
[1.414s] Level 1:colcon.colcon_core.shell:create_environment_hook('lab2', 'ament_prefix_path')
[1.426s] INFO:colcon.colcon_core.shell:Creating environment hook '/uolstore/home/users/sc23s2e/ros2_ws/install/lab2/share/lab2/hook/ament_prefix_path.ps1'
[1.430s] INFO:colcon.colcon_core.shell:Creating environment descriptor '/uolstore/home/users/sc23s2e/ros2_ws/install/lab2/share/lab2/hook/ament_prefix_path.dsv'
[1.433s] INFO:colcon.colcon_core.shell:Creating environment hook '/uolstore/home/users/sc23s2e/ros2_ws/install/lab2/share/lab2/hook/ament_prefix_path.sh'
[1.447s] INFO:colcon.colcon_core.shell:Skip shell extension 'powershell' for command environment: Not usable outside of PowerShell
[1.447s] DEBUG:colcon.colcon_core.shell:Skip shell extension 'dsv' for command environment
[1.704s] INFO:colcon.colcon_core.task.python.build:Building Python package in '/uolstore/home/users/sc23s2e/ros2_ws/src/lab1'
[1.717s] INFO:colcon.colcon_core.shell:Skip shell extension 'powershell' for command environment: Not usable outside of PowerShell
[1.717s] DEBUG:colcon.colcon_core.shell:Skip shell extension 'dsv' for command environment
[1.984s] INFO:colcon.colcon_core.task.python.build:Building Python package in '/uolstore/home/users/sc23s2e/ros2_ws/src/lab2'
[1.999s] INFO:colcon.colcon_core.shell:Skip shell extension 'powershell' for command environment: Not usable outside of PowerShell
[1.999s] DEBUG:colcon.colcon_core.shell:Skip shell extension 'dsv' for command environment
[2.897s] DEBUG:colcon.colcon_core.event_handler.log_command:Invoking command in '/uolstore/home/users/sc23s2e/ros2_ws/src/lab1': PS1=[COMP3631] Singularity> \w $ PYTHONPATH=/uolstore/home/users/sc23s2e/ros2_ws/build/lab1/prefix_override:/uolstore/home/users/sc23s2e/ros2_ws/install/lab1/lib/python3.10/site-packages:${PYTHONPATH} /usr/bin/python3 setup.py egg_info --egg-base ../../build/lab1 build --build-base /uolstore/home/users/sc23s2e/ros2_ws/build/lab1/build install --record /uolstore/home/users/sc23s2e/ros2_ws/build/lab1/install.log --single-version-externally-managed
[2.904s] DEBUG:colcon.colcon_core.event_handler.log_command:Invoking command in '/uolstore/home/users/sc23s2e/ros2_ws/src/lab2': PS1=[COMP3631] Singularity> \w $ PYTHONPATH=/uolstore/home/users/sc23s2e/ros2_ws/build/lab2/prefix_override:/uolstore/home/users/sc23s2e/ros2_ws/install/lab2/lib/python3.10/site-packages:${PYTHONPATH} /usr/bin/python3 setup.py egg_info --egg-base ../../build/lab2 build --build-base /uolstore/home/users/sc23s2e/ros2_ws/build/lab2/build install --record /uolstore/home/users/sc23s2e/ros2_ws/build/lab2/install.log --single-version-externally-managed
[3.441s] DEBUG:colcon.colcon_core.event_handler.log_command:Invoked command in '/uolstore/home/users/sc23s2e/ros2_ws/src/lab1' returned '0': PS1=[COMP3631] Singularity> \w $ PYTHONPATH=/uolstore/home/users/sc23s2e/ros2_ws/build/lab1/prefix_override:/uolstore/home/users/sc23s2e/ros2_ws/install/lab1/lib/python3.10/site-packages:${PYTHONPATH} /usr/bin/python3 setup.py egg_info --egg-base ../../build/lab1 build --build-base /uolstore/home/users/sc23s2e/ros2_ws/build/lab1/build install --record /uolstore/home/users/sc23s2e/ros2_ws/build/lab1/install.log --single-version-externally-managed
[3.457s] Level 1:colcon.colcon_core.environment:checking '/uolstore/home/users/sc23s2e/ros2_ws/install/lab1' for CMake module files
[3.460s] Level 1:colcon.colcon_core.environment:checking '/uolstore/home/users/sc23s2e/ros2_ws/install/lab1' for CMake config files
[3.468s] Level 1:colcon.colcon_core.environment:checking '/uolstore/home/users/sc23s2e/ros2_ws/install/lab1/lib'
[3.468s] Level 1:colcon.colcon_core.environment:checking '/uolstore/home/users/sc23s2e/ros2_ws/install/lab1/bin'
[3.468s] Level 1:colcon.colcon_core.environment:checking '/uolstore/home/users/sc23s2e/ros2_ws/install/lab1/lib/pkgconfig/lab1.pc'
[3.468s] Level 1:colcon.colcon_core.environment:checking '/uolstore/home/users/sc23s2e/ros2_ws/install/lab1/lib/python3.10/site-packages'
[3.468s] Level 1:colcon.colcon_core.shell:create_environment_hook('lab1', 'pythonpath')
[3.481s] INFO:colcon.colcon_core.shell:Creating environment hook '/uolstore/home/users/sc23s2e/ros2_ws/install/lab1/share/lab1/hook/pythonpath.ps1'
[3.484s] INFO:colcon.colcon_core.shell:Creating environment descriptor '/uolstore/home/users/sc23s2e/ros2_ws/install/lab1/share/lab1/hook/pythonpath.dsv'
[3.487s] INFO:colcon.colcon_core.shell:Creating environment hook '/uolstore/home/users/sc23s2e/ros2_ws/install/lab1/share/lab1/hook/pythonpath.sh'
[3.490s] Level 1:colcon.colcon_core.environment:checking '/uolstore/home/users/sc23s2e/ros2_ws/install/lab1/bin'
[3.490s] Level 1:colcon.colcon_core.environment:create_environment_scripts_only(lab1)
[3.502s] INFO:colcon.colcon_core.shell:Creating package script '/uolstore/home/users/sc23s2e/ros2_ws/install/lab1/share/lab1/package.ps1'
[3.505s] INFO:colcon.colcon_core.shell:Creating package descriptor '/uolstore/home/users/sc23s2e/ros2_ws/install/lab1/share/lab1/package.dsv'
[3.507s] INFO:colcon.colcon_core.shell:Creating package script '/uolstore/home/users/sc23s2e/ros2_ws/install/lab1/share/lab1/package.sh'
[3.510s] INFO:colcon.colcon_core.shell:Creating package script '/uolstore/home/users/sc23s2e/ros2_ws/install/lab1/share/lab1/package.bash'
[3.514s] INFO:colcon.colcon_core.shell:Creating package script '/uolstore/home/users/sc23s2e/ros2_ws/install/lab1/share/lab1/package.zsh'
[3.517s] Level 1:colcon.colcon_core.environment:create_file_with_runtime_dependencies(/uolstore/home/users/sc23s2e/ros2_ws/install/lab1/share/colcon-core/packages/lab1)
[3.526s] DEBUG:colcon.colcon_core.event_handler.log_command:Invoked command in '/uolstore/home/users/sc23s2e/ros2_ws/src/lab2' returned '0': PS1=[COMP3631] Singularity> \w $ PYTHONPATH=/uolstore/home/users/sc23s2e/ros2_ws/build/lab2/prefix_override:/uolstore/home/users/sc23s2e/ros2_ws/install/lab2/lib/python3.10/site-packages:${PYTHONPATH} /usr/bin/python3 setup.py egg_info --egg-base ../../build/lab2 build --build-base /uolstore/home/users/sc23s2e/ros2_ws/build/lab2/build install --record /uolstore/home/users/sc23s2e/ros2_ws/build/lab2/install.log --single-version-externally-managed
[3.531s] Level 1:colcon.colcon_core.environment:checking '/uolstore/home/users/sc23s2e/ros2_ws/install/lab2' for CMake module files
[3.535s] Level 1:colcon.colcon_core.environment:checking '/uolstore/home/users/sc23s2e/ros2_ws/install/lab2' for CMake config files
[3.545s] Level 1:colcon.colcon_core.environment:checking '/uolstore/home/users/sc23s2e/ros2_ws/install/lab2/lib'
[3.546s] Level 1:colcon.colcon_core.environment:checking '/uolstore/home/users/sc23s2e/ros2_ws/install/lab2/bin'
[3.546s] Level 1:colcon.colcon_core.environment:checking '/uolstore/home/users/sc23s2e/ros2_ws/install/lab2/lib/pkgconfig/lab2.pc'
[3.546s] Level 1:colcon.colcon_core.environment:checking '/uolstore/home/users/sc23s2e/ros2_ws/install/lab2/lib/python3.10/site-packages'
[3.546s] Level 1:colcon.colcon_core.shell:create_environment_hook('lab2', 'pythonpath')
[3.557s] INFO:colcon.colcon_core.shell:Creating environment hook '/uolstore/home/users/sc23s2e/ros2_ws/install/lab2/share/lab2/hook/pythonpath.ps1'
[3.561s] INFO:colcon.colcon_core.shell:Creating environment descriptor '/uolstore/home/users/sc23s2e/ros2_ws/install/lab2/share/lab2/hook/pythonpath.dsv'
[3.564s] INFO:colcon.colcon_core.shell:Creating environment hook '/uolstore/home/users/sc23s2e/ros2_ws/install/lab2/share/lab2/hook/pythonpath.sh'
[3.567s] Level 1:colcon.colcon_core.environment:checking '/uolstore/home/users/sc23s2e/ros2_ws/install/lab2/bin'
[3.567s] Level 1:colcon.colcon_core.environment:create_environment_scripts_only(lab2)
[3.579s] INFO:colcon.colcon_core.shell:Creating package script '/uolstore/home/users/sc23s2e/ros2_ws/install/lab2/share/lab2/package.ps1'
[3.582s] INFO:colcon.colcon_core.shell:Creating package descriptor '/uolstore/home/users/sc23s2e/ros2_ws/install/lab2/share/lab2/package.dsv'
[3.585s] INFO:colcon.colcon_core.shell:Creating package script '/uolstore/home/users/sc23s2e/ros2_ws/install/lab2/share/lab2/package.sh'
[3.588s] INFO:colcon.colcon_core.shell:Creating package script '/uolstore/home/users/sc23s2e/ros2_ws/install/lab2/share/lab2/package.bash'
[3.591s] INFO:colcon.colcon_core.shell:Creating package script '/uolstore/home/users/sc23s2e/ros2_ws/install/lab2/share/lab2/package.zsh'
[3.593s] Level 1:colcon.colcon_core.environment:create_file_with_runtime_dependencies(/uolstore/home/users/sc23s2e/ros2_ws/install/lab2/share/colcon-core/packages/lab2)
[3.596s] DEBUG:colcon.colcon_parallel_executor.executor.parallel:closing loop
[3.596s] DEBUG:colcon.colcon_parallel_executor.executor.parallel:loop closed
[3.596s] DEBUG:colcon.colcon_parallel_executor.executor.parallel:run_until_complete finished with '0'
[3.596s] DEBUG:colcon.colcon_core.event_reactor:joining thread
[3.620s] INFO:colcon.colcon_core.plugin_system:Skipping extension 'colcon_notification.desktop_notification.notify_send': Could not find 'notify-send'
[3.620s] INFO:colcon.colcon_core.plugin_system:Skipping extension 'colcon_notification.desktop_notification.terminal_notifier': Not used on non-Darwin systems
[3.620s] INFO:colcon.colcon_core.plugin_system:Skipping extension 'colcon_notification.desktop_notification.win32': Not used on non-Windows systems
[3.620s] INFO:colcon.colcon_notification.desktop_notification:Sending desktop notification using 'notify2'
[3.626s] DEBUG:colcon.colcon_core.event_reactor:joined thread
[3.638s] INFO:colcon.colcon_core.shell:Creating prefix script '/uolstore/home/users/sc23s2e/ros2_ws/install/local_setup.ps1'
[3.641s] INFO:colcon.colcon_core.shell:Creating prefix util module '/uolstore/home/users/sc23s2e/ros2_ws/install/_local_setup_util_ps1.py'
[3.645s] INFO:colcon.colcon_core.shell:Creating prefix chain script '/uolstore/home/users/sc23s2e/ros2_ws/install/setup.ps1'
[3.663s] INFO:colcon.colcon_core.shell:Creating prefix script '/uolstore/home/users/sc23s2e/ros2_ws/install/local_setup.sh'
[3.665s] INFO:colcon.colcon_core.shell:Creating prefix util module '/uolstore/home/users/sc23s2e/ros2_ws/install/_local_setup_util_sh.py'
[3.669s] INFO:colcon.colcon_core.shell:Creating prefix chain script '/uolstore/home/users/sc23s2e/ros2_ws/install/setup.sh'
[3.685s] INFO:colcon.colcon_core.shell:Creating prefix script '/uolstore/home/users/sc23s2e/ros2_ws/install/local_setup.bash'
[3.688s] INFO:colcon.colcon_core.shell:Creating prefix chain script '/uolstore/home/users/sc23s2e/ros2_ws/install/setup.bash'
[3.705s] INFO:colcon.colcon_core.shell:Creating prefix script '/uolstore/home/users/sc23s2e/ros2_ws/install/local_setup.zsh'
[3.708s] INFO:colcon.colcon_core.shell:Creating prefix chain script '/uolstore/home/users/sc23s2e/ros2_ws/install/setup.zsh'
