[0.951s] Invoking command in '/uolstore/home/users/sc23s2e/ros2_ws/src/lab2': PS1=[COMP3631] Singularity> \w $ PYTHONPATH=/uolstore/home/users/sc23s2e/ros2_ws/build/lab2/prefix_override:/uolstore/home/users/sc23s2e/ros2_ws/install/lab2/lib/python3.10/site-packages:${PYTHONPATH} /usr/bin/python3 setup.py egg_info --egg-base ../../build/lab2 build --build-base /uolstore/home/users/sc23s2e/ros2_ws/build/lab2/build install --record /uolstore/home/users/sc23s2e/ros2_ws/build/lab2/install.log --single-version-externally-managed
[1.148s] running egg_info
[1.149s] writing ../../build/lab2/lab2.egg-info/PKG-INFO
[1.153s] writing dependency_links to ../../build/lab2/lab2.egg-info/dependency_links.txt
[1.156s] writing entry points to ../../build/lab2/lab2.egg-info/entry_points.txt
[1.159s] writing requirements to ../../build/lab2/lab2.egg-info/requires.txt
[1.161s] writing top-level names to ../../build/lab2/lab2.egg-info/top_level.txt
[1.172s] reading manifest file '../../build/lab2/lab2.egg-info/SOURCES.txt'
[1.178s] writing manifest file '../../build/lab2/lab2.egg-info/SOURCES.txt'
[1.180s] running build
[1.180s] running build_py
[1.183s] running install
[1.184s] running install_lib
[1.187s] running install_data
[1.188s] copying launch/numeric_chatter.py -> /uolstore/home/users/sc23s2e/ros2_ws/install/lab2/share/lab2/launch
[1.193s] running install_egg_info
[1.194s] removing '/uolstore/home/users/sc23s2e/ros2_ws/install/lab2/lib/python3.10/site-packages/lab2-0.0.0-py3.10.egg-info' (and everything under it)
[1.204s] Copying ../../build/lab2/lab2.egg-info to /uolstore/home/users/sc23s2e/ros2_ws/install/lab2/lib/python3.10/site-packages/lab2-0.0.0-py3.10.egg-info
[1.254s] running install_scripts
[1.269s] Installing listener script to /uolstore/home/users/sc23s2e/ros2_ws/install/lab2/lib/lab2
[1.272s] Installing numeric_listener script to /uolstore/home/users/sc23s2e/ros2_ws/install/lab2/lib/lab2
[1.276s] Installing numeric_talker script to /uolstore/home/users/sc23s2e/ros2_ws/install/lab2/lib/lab2
[1.283s] Installing talker script to /uolstore/home/users/sc23s2e/ros2_ws/install/lab2/lib/lab2
[1.286s] writing list of installed files to '/uolstore/home/users/sc23s2e/ros2_ws/build/lab2/install.log'
[1.365s] Invoked command in '/uolstore/home/users/sc23s2e/ros2_ws/src/lab2' returned '0': PS1=[COMP3631] Singularity> \w $ PYTHONPATH=/uolstore/home/users/sc23s2e/ros2_ws/build/lab2/prefix_override:/uolstore/home/users/sc23s2e/ros2_ws/install/lab2/lib/python3.10/site-packages:${PYTHONPATH} /usr/bin/python3 setup.py egg_info --egg-base ../../build/lab2 build --build-base /uolstore/home/users/sc23s2e/ros2_ws/build/lab2/build install --record /uolstore/home/users/sc23s2e/ros2_ws/build/lab2/install.log --single-version-externally-managed
