[1.293s] Invoking command in '/uolstore/home/users/sc23s2e/ros2_ws/src/lab2': PS1=[COMP3631] Singularity> \w $ PYTHONPATH=/uolstore/home/users/sc23s2e/ros2_ws/build/lab2/prefix_override:/uolstore/home/users/sc23s2e/ros2_ws/install/lab2/lib/python3.10/site-packages:${PYTHONPATH} /usr/bin/python3 setup.py egg_info --egg-base ../../build/lab2 build --build-base /uolstore/home/users/sc23s2e/ros2_ws/build/lab2/build install --record /uolstore/home/users/sc23s2e/ros2_ws/build/lab2/install.log --single-version-externally-managed
[1.485s] running egg_info
[1.486s] writing ../../build/lab2/lab2.egg-info/PKG-INFO
[1.490s] writing dependency_links to ../../build/lab2/lab2.egg-info/dependency_links.txt
[1.492s] writing entry points to ../../build/lab2/lab2.egg-info/entry_points.txt
[1.494s] writing requirements to ../../build/lab2/lab2.egg-info/requires.txt
[1.496s] writing top-level names to ../../build/lab2/lab2.egg-info/top_level.txt
[1.503s] reading manifest file '../../build/lab2/lab2.egg-info/SOURCES.txt'
[1.508s] writing manifest file '../../build/lab2/lab2.egg-info/SOURCES.txt'
[1.510s] running build
[1.510s] running build_py
[1.514s] copying lab2/listener.py -> /uolstore/home/users/sc23s2e/ros2_ws/build/lab2/build/lib/lab2
[1.520s] running install
[1.520s] running install_lib
[1.524s] copying /uolstore/home/users/sc23s2e/ros2_ws/build/lab2/build/lib/lab2/listener.py -> /uolstore/home/users/sc23s2e/ros2_ws/install/lab2/lib/python3.10/site-packages/lab2
[1.534s] byte-compiling /uolstore/home/users/sc23s2e/ros2_ws/install/lab2/lib/python3.10/site-packages/lab2/listener.py to listener.cpython-310.pyc
[1.540s] running install_data
[1.543s] copying launch/chatter.py -> /uolstore/home/users/sc23s2e/ros2_ws/install/lab2/share/lab2/launch
[1.548s] running install_egg_info
[1.549s] removing '/uolstore/home/users/sc23s2e/ros2_ws/install/lab2/lib/python3.10/site-packages/lab2-0.0.0-py3.10.egg-info' (and everything under it)
[1.557s] Copying ../../build/lab2/lab2.egg-info to /uolstore/home/users/sc23s2e/ros2_ws/install/lab2/lib/python3.10/site-packages/lab2-0.0.0-py3.10.egg-info
[1.603s] running install_scripts
[1.618s] Installing listener script to /uolstore/home/users/sc23s2e/ros2_ws/install/lab2/lib/lab2
[1.621s] Installing talker script to /uolstore/home/users/sc23s2e/ros2_ws/install/lab2/lib/lab2
[1.624s] writing list of installed files to '/uolstore/home/users/sc23s2e/ros2_ws/build/lab2/install.log'
[1.715s] Invoked command in '/uolstore/home/users/sc23s2e/ros2_ws/src/lab2' returned '0': PS1=[COMP3631] Singularity> \w $ PYTHONPATH=/uolstore/home/users/sc23s2e/ros2_ws/build/lab2/prefix_override:/uolstore/home/users/sc23s2e/ros2_ws/install/lab2/lib/python3.10/site-packages:${PYTHONPATH} /usr/bin/python3 setup.py egg_info --egg-base ../../build/lab2 build --build-base /uolstore/home/users/sc23s2e/ros2_ws/build/lab2/build install --record /uolstore/home/users/sc23s2e/ros2_ws/build/lab2/install.log --single-version-externally-managed
